#
# There is insufficient memory for the Java Runtime Environment to continue.
# Native memory allocation (malloc) failed to allocate 631216 bytes for Chunk::new
# Possible reasons:
#   The system is out of physical RAM or swap space
#   The process is running with CompressedOops enabled, and the Java Heap may be blocking the growth of the native heap
# Possible solutions:
#   Reduce memory load on the system
#   Increase physical memory or swap space
#   Check if swap backing store is full
#   Decrease Java heap size (-Xmx/-Xms)
#   Decrease number of Java threads
#   Decrease Java thread stack sizes (-Xss)
#   Set larger code cache with -XX:ReservedCodeCacheSize=
#   JVM is running with Unscaled Compressed Oops mode in which the Java heap is
#     placed in the first 4GB address space. The Java Heap base address is the
#     maximum limit for the native heap growth. Please use -XX:HeapBaseMinAddress
#     to set the Java Heap base and to place the Java Heap above 4GB virtual address.
# This output file may be truncated or incomplete.
#
#  Out of Memory Error (arena.cpp:189), pid=12272, tid=12888
#
# JRE version: OpenJDK Runtime Environment Temurin-17.0.1+12 (17.0.1+12) (build 17.0.1+12)
# Java VM: OpenJDK 64-Bit Server VM Temurin-17.0.1+12 (17.0.1+12, mixed mode, sharing, tiered, compressed oops, compressed class ptrs, g1 gc, windows-amd64)
# No core dump will be written. Minidumps are not enabled by default on client versions of Windows
#

---------------  S U M M A R Y ------------

Command Line: --add-opens=java.base/java.util.concurrent.atomic=ALL-UNNAMED -XX:MaxMetaspaceSize=256m -XX:+HeapDumpOnOutOfMemoryError --add-opens=java.base/java.util=ALL-UNNAMED --add-opens=java.base/java.lang=ALL-UNNAMED --add-opens=java.base/java.lang.invoke=ALL-UNNAMED --add-opens=java.prefs/java.util.prefs=ALL-UNNAMED --add-opens=java.base/java.nio.charset=ALL-UNNAMED --add-opens=java.base/java.net=ALL-UNNAMED --add-opens=java.base/java.util.concurrent.atomic=ALL-UNNAMED -Xms256m -Xmx512m -Dfile.encoding=windows-1251 -Duser.country=RU -Duser.language=ru -Duser.variant org.gradle.launcher.daemon.bootstrap.GradleDaemon 7.6

Host: Intel(R) Core(TM) i7-8550U CPU @ 1.80GHz, 8 cores, 7G,  Windows 10 , 64 bit Build 22621 (10.0.22621.1105)
Time: Tue May  2 23:31:40 2023 RTZ 2 (s 10 , 64 bit Build 22621 (10.0.22621.1105) elapsed time: 41.980608 seconds (0d 0h 0m 41s)

---------------  T H R E A D  ---------------

Current thread (0x0000020966758d40):  JavaThread "C2 CompilerThread0" daemon [_thread_in_native, id=12888, stack(0x0000009406400000,0x0000009406500000)]


Current CompileTask:
C2:  41981 6201       4       org.objectweb.asm.SymbolTable::addConstantMemberReference (147 bytes)

Stack: [0x0000009406400000,0x0000009406500000]
Native frames: (J=compiled Java code, j=interpreted, Vv=VM code, C=native code)
V  [jvm.dll+0x6744da]
V  [jvm.dll+0x82e144]
V  [jvm.dll+0x82f8ee]
V  [jvm.dll+0x82ff53]
V  [jvm.dll+0x245175]
V  [jvm.dll+0xab85b]
V  [jvm.dll+0xabdec]
V  [jvm.dll+0x2abf6f]
V  [jvm.dll+0x57b849]
V  [jvm.dll+0x22022d]
V  [jvm.dll+0x22060f]
V  [jvm.dll+0x219e6a]
V  [jvm.dll+0x217345]
V  [jvm.dll+0x1a355d]
V  [jvm.dll+0x226e38]
V  [jvm.dll+0x224f7c]
V  [jvm.dll+0x7e3f5b]
V  [jvm.dll+0x7de51a]
V  [jvm.dll+0x673305]
C  [ucrtbase.dll+0x29363]
C  [KERNEL32.DLL+0x126bd]
C  [ntdll.dll+0x5dfb8]


---------------  P R O C E S S  ---------------

Threads class SMR info:
_java_thread_list=0x000002096ca107d0, length=79, elements={
0x000002094bc35140, 0x0000020966733800, 0x0000020966734f60, 0x0000020966753bb0,
0x0000020966754560, 0x0000020966754f10, 0x0000020966757070, 0x0000020966758d40,
0x0000020966765b70, 0x000002096676b490, 0x0000020967201ac0, 0x00000209672063b0,
0x0000020968cfc4f0, 0x0000020968cfa810, 0x0000020968cface0, 0x0000020968cfb1b0,
0x0000020968cfc9c0, 0x0000020968cfb680, 0x0000020968cf9e70, 0x0000020968cfd830,
0x0000020968cfa340, 0x0000020968cfbb50, 0x0000020968cfc020, 0x0000020968cfce90,
0x0000020968cfd360, 0x000002096939a530, 0x000002096939d080, 0x000002096939aa00,
0x000002096939a060, 0x000002096939f230, 0x00000209693a13e0, 0x000002096939f700,
0x00000209693a00a0, 0x000002096939c6e0, 0x000002096939b3a0, 0x000002096939aed0,
0x000002096939e3c0, 0x000002096939fbd0, 0x000002096939bd40, 0x00000209693a0a40,
0x000002096939e890, 0x000002096939c210, 0x0000020968ce0080, 0x000002096939d550,
0x000002096939da20, 0x000002096939def0, 0x000002096cafe4b0, 0x000002096cafdfe0,
0x000002096cb00190, 0x000002096cb00660, 0x000002096cafb490, 0x000002096cafa150,
0x000002096cafc7d0, 0x000002096cafb960, 0x000002096cafbe30, 0x000002096cb00b30,
0x000002096cafafc0, 0x000002096cafa620, 0x000002096cb01000, 0x000002096cafc300,
0x000002096cafcca0, 0x000002096cafd170, 0x000002096cafd640, 0x000002096caf97b0,
0x000002096cafe980, 0x000002096caffcc0, 0x000002096cafee50, 0x000002096caf9c80,
0x000002096cafaaf0, 0x000002096cafdb10, 0x000002096caff320, 0x000002096caff7f0,
0x0000020968ff61b0, 0x0000020968ff8d00, 0x0000020968ff5810, 0x0000020968ff96a0,
0x0000020968ffa510, 0x0000020968ffa9e0, 0x0000020968ff7e90
}

Java Threads: ( => current thread )
  0x000002094bc35140 JavaThread "main" [_thread_blocked, id=6104, stack(0x0000009405700000,0x0000009405800000)]
  0x0000020966733800 JavaThread "Reference Handler" daemon [_thread_blocked, id=12764, stack(0x0000009405e00000,0x0000009405f00000)]
  0x0000020966734f60 JavaThread "Finalizer" daemon [_thread_blocked, id=11076, stack(0x0000009405f00000,0x0000009406000000)]
  0x0000020966753bb0 JavaThread "Signal Dispatcher" daemon [_thread_blocked, id=8020, stack(0x0000009406000000,0x0000009406100000)]
  0x0000020966754560 JavaThread "Attach Listener" daemon [_thread_blocked, id=3632, stack(0x0000009406100000,0x0000009406200000)]
  0x0000020966754f10 JavaThread "Service Thread" daemon [_thread_blocked, id=12780, stack(0x0000009406200000,0x0000009406300000)]
  0x0000020966757070 JavaThread "Monitor Deflation Thread" daemon [_thread_blocked, id=5664, stack(0x0000009406300000,0x0000009406400000)]
=>0x0000020966758d40 JavaThread "C2 CompilerThread0" daemon [_thread_in_native, id=12888, stack(0x0000009406400000,0x0000009406500000)]
  0x0000020966765b70 JavaThread "C1 CompilerThread0" daemon [_thread_in_native, id=12212, stack(0x0000009406500000,0x0000009406600000)]
  0x000002096676b490 JavaThread "Sweeper thread" daemon [_thread_blocked, id=9360, stack(0x0000009406600000,0x0000009406700000)]
  0x0000020967201ac0 JavaThread "Common-Cleaner" daemon [_thread_blocked, id=6600, stack(0x0000009406700000,0x0000009406800000)]
  0x00000209672063b0 JavaThread "Notification Thread" daemon [_thread_blocked, id=5676, stack(0x0000009406800000,0x0000009406900000)]
  0x0000020968cfc4f0 JavaThread "Daemon health stats" [_thread_blocked, id=8400, stack(0x0000009407100000,0x0000009407200000)]
  0x0000020968cfa810 JavaThread "Incoming local TCP Connector on port 53161" [_thread_in_native, id=3760, stack(0x0000009406a00000,0x0000009406b00000)]
  0x0000020968cface0 JavaThread "Daemon periodic checks" [_thread_blocked, id=10124, stack(0x0000009406b00000,0x0000009406c00000)]
  0x0000020968cfb1b0 JavaThread "Daemon" [_thread_blocked, id=9056, stack(0x0000009407300000,0x0000009407400000)]
  0x0000020968cfc9c0 JavaThread "Handler for socket connection from /127.0.0.1:53161 to /127.0.0.1:53162" [_thread_in_native, id=10848, stack(0x0000009407400000,0x0000009407500000)]
  0x0000020968cfb680 JavaThread "Cancel handler" [_thread_blocked, id=8260, stack(0x0000009407200000,0x0000009407300000)]
  0x0000020968cf9e70 JavaThread "Daemon worker" [_thread_in_Java, id=3732, stack(0x0000009407500000,0x0000009407600000)]
  0x0000020968cfd830 JavaThread "Asynchronous log dispatcher for DefaultDaemonConnection: socket connection from /127.0.0.1:53161 to /127.0.0.1:53162" [_thread_blocked, id=13164, stack(0x0000009407600000,0x0000009407700000)]
  0x0000020968cfa340 JavaThread "Stdin handler" [_thread_blocked, id=6072, stack(0x0000009407700000,0x0000009407800000)]
  0x0000020968cfbb50 JavaThread "Daemon client event forwarder" [_thread_blocked, id=6188, stack(0x0000009407800000,0x0000009407900000)]
  0x0000020968cfc020 JavaThread "Cache worker for journal cache (C:\Users\User\.gradle\caches\journal-1)" [_thread_blocked, id=8696, stack(0x0000009407900000,0x0000009407a00000)]
  0x0000020968cfce90 JavaThread "File lock request listener" [_thread_in_native, id=12268, stack(0x0000009407a00000,0x0000009407b00000)]
  0x0000020968cfd360 JavaThread "Cache worker for file hash cache (C:\Users\User\.gradle\caches\7.6\fileHashes)" [_thread_blocked, id=5040, stack(0x0000009407b00000,0x0000009407c00000)]
  0x000002096939a530 JavaThread "File watcher server" daemon [_thread_in_native, id=12464, stack(0x0000009407e00000,0x0000009407f00000)]
  0x000002096939d080 JavaThread "File watcher consumer" daemon [_thread_blocked, id=3228, stack(0x0000009407f00000,0x0000009408000000)]
  0x000002096939aa00 JavaThread "jar transforms" [_thread_blocked, id=11672, stack(0x0000009408000000,0x0000009408100000)]
  0x000002096939a060 JavaThread "jar transforms Thread 2" [_thread_blocked, id=11156, stack(0x0000009408100000,0x0000009408200000)]
  0x000002096939f230 JavaThread "jar transforms Thread 3" [_thread_blocked, id=3776, stack(0x0000009408200000,0x0000009408300000)]
  0x00000209693a13e0 JavaThread "jar transforms Thread 4" [_thread_blocked, id=13180, stack(0x0000009408300000,0x0000009408400000)]
  0x000002096939f700 JavaThread "jar transforms Thread 5" [_thread_blocked, id=12996, stack(0x0000009408400000,0x0000009408500000)]
  0x00000209693a00a0 JavaThread "jar transforms Thread 6" [_thread_blocked, id=12200, stack(0x0000009408500000,0x0000009408600000)]
  0x000002096939c6e0 JavaThread "jar transforms Thread 7" [_thread_blocked, id=7664, stack(0x0000009408600000,0x0000009408700000)]
  0x000002096939b3a0 JavaThread "jar transforms Thread 8" [_thread_blocked, id=12816, stack(0x0000009408700000,0x0000009408800000)]
  0x000002096939aed0 JavaThread "Cache worker for checksums cache (C:\Users\User\IdeaProjects\Connect Four\.gradle\7.6\checksums)" [_thread_blocked, id=12864, stack(0x0000009408900000,0x0000009408a00000)]
  0x000002096939e3c0 JavaThread "Cache worker for cache directory md-rule (C:\Users\User\.gradle\caches\7.6\md-rule)" [_thread_blocked, id=10008, stack(0x0000009408a00000,0x0000009408b00000)]
  0x000002096939fbd0 JavaThread "Cache worker for file content cache (C:\Users\User\.gradle\caches\7.6\fileContent)" [_thread_blocked, id=12392, stack(0x0000009408b00000,0x0000009408c00000)]
  0x000002096939bd40 JavaThread "Cache worker for file hash cache (C:\Users\User\IdeaProjects\Connect Four\.gradle\7.6\fileHashes)" [_thread_blocked, id=5236, stack(0x0000009408c00000,0x0000009408d00000)]
  0x00000209693a0a40 JavaThread "Cache worker for cache directory md-supplier (C:\Users\User\.gradle\caches\7.6\md-supplier)" [_thread_blocked, id=1100, stack(0x0000009408d00000,0x0000009408e00000)]
  0x000002096939e890 JavaThread "Cache worker for execution history cache (C:\Users\User\.gradle\caches\7.6\executionHistory)" [_thread_blocked, id=12012, stack(0x0000009408e00000,0x0000009408f00000)]
  0x000002096939c210 JavaThread "Unconstrained build operations" [_thread_blocked, id=6760, stack(0x0000009408f00000,0x0000009409000000)]
  0x0000020968ce0080 JavaThread "C2 CompilerThread1" daemon [_thread_in_native, id=6956, stack(0x0000009409000000,0x0000009409100000)]
  0x000002096939d550 JavaThread "Cache worker for dependencies-accessors (C:\Users\User\IdeaProjects\Connect Four\.gradle\7.6\dependencies-accessors)" [_thread_blocked, id=13052, stack(0x0000009409300000,0x0000009409400000)]
  0x000002096939da20 JavaThread "Cache worker for Build Output Cleanup Cache (C:\Users\User\IdeaProjects\Connect Four\.gradle\buildOutputCleanup)" [_thread_blocked, id=8668, stack(0x0000009409200000,0x0000009409300000)]
  0x000002096939def0 JavaThread "Unconstrained build operations Thread 2" [_thread_blocked, id=10112, stack(0x0000009409700000,0x0000009409800000)]
  0x000002096cafe4b0 JavaThread "Unconstrained build operations Thread 3" [_thread_blocked, id=6148, stack(0x0000009409800000,0x0000009409900000)]
  0x000002096cafdfe0 JavaThread "Unconstrained build operations Thread 4" [_thread_blocked, id=3536, stack(0x0000009409900000,0x0000009409a00000)]
  0x000002096cb00190 JavaThread "Unconstrained build operations Thread 5" [_thread_blocked, id=7256, stack(0x0000009409a00000,0x0000009409b00000)]
  0x000002096cb00660 JavaThread "Unconstrained build operations Thread 6" [_thread_blocked, id=6056, stack(0x0000009409b00000,0x0000009409c00000)]
  0x000002096cafb490 JavaThread "Unconstrained build operations Thread 7" [_thread_blocked, id=2112, stack(0x0000009409c00000,0x0000009409d00000)]
  0x000002096cafa150 JavaThread "Unconstrained build operations Thread 8" [_thread_blocked, id=12228, stack(0x0000009409d00000,0x0000009409e00000)]
  0x000002096cafc7d0 JavaThread "Unconstrained build operations Thread 9" [_thread_blocked, id=5988, stack(0x0000009409e00000,0x0000009409f00000)]
  0x000002096cafb960 JavaThread "Unconstrained build operations Thread 10" [_thread_blocked, id=12868, stack(0x0000009409f00000,0x000000940a000000)]
  0x000002096cafbe30 JavaThread "Unconstrained build operations Thread 11" [_thread_blocked, id=3604, stack(0x000000940a000000,0x000000940a100000)]
  0x000002096cb00b30 JavaThread "Unconstrained build operations Thread 12" [_thread_blocked, id=1660, stack(0x000000940a100000,0x000000940a200000)]
  0x000002096cafafc0 JavaThread "Unconstrained build operations Thread 13" [_thread_blocked, id=10036, stack(0x000000940a200000,0x000000940a300000)]
  0x000002096cafa620 JavaThread "Unconstrained build operations Thread 14" [_thread_blocked, id=4580, stack(0x000000940a300000,0x000000940a400000)]
  0x000002096cb01000 JavaThread "Unconstrained build operations Thread 15" [_thread_blocked, id=6548, stack(0x000000940a400000,0x000000940a500000)]
  0x000002096cafc300 JavaThread "Unconstrained build operations Thread 16" [_thread_blocked, id=12568, stack(0x000000940a500000,0x000000940a600000)]
  0x000002096cafcca0 JavaThread "Unconstrained build operations Thread 17" [_thread_blocked, id=12064, stack(0x000000940a600000,0x000000940a700000)]
  0x000002096cafd170 JavaThread "Unconstrained build operations Thread 18" [_thread_blocked, id=11736, stack(0x000000940a700000,0x000000940a800000)]
  0x000002096cafd640 JavaThread "Unconstrained build operations Thread 19" [_thread_blocked, id=7952, stack(0x000000940a800000,0x000000940a900000)]
  0x000002096caf97b0 JavaThread "Unconstrained build operations Thread 20" [_thread_blocked, id=2552, stack(0x000000940a900000,0x000000940aa00000)]
  0x000002096cafe980 JavaThread "Unconstrained build operations Thread 21" [_thread_blocked, id=700, stack(0x000000940aa00000,0x000000940ab00000)]
  0x000002096caffcc0 JavaThread "Unconstrained build operations Thread 22" [_thread_blocked, id=3076, stack(0x000000940ab00000,0x000000940ac00000)]
  0x000002096cafee50 JavaThread "Unconstrained build operations Thread 23" [_thread_blocked, id=5200, stack(0x000000940ac00000,0x000000940ad00000)]
  0x000002096caf9c80 JavaThread "Unconstrained build operations Thread 24" [_thread_blocked, id=11068, stack(0x000000940ad00000,0x000000940ae00000)]
  0x000002096cafaaf0 JavaThread "Unconstrained build operations Thread 25" [_thread_blocked, id=3320, stack(0x000000940ae00000,0x000000940af00000)]
  0x000002096cafdb10 JavaThread "Unconstrained build operations Thread 26" [_thread_blocked, id=2100, stack(0x000000940af00000,0x000000940b000000)]
  0x000002096caff320 JavaThread "Unconstrained build operations Thread 27" [_thread_blocked, id=9696, stack(0x000000940b000000,0x000000940b100000)]
  0x000002096caff7f0 JavaThread "Unconstrained build operations Thread 28" [_thread_blocked, id=1352, stack(0x000000940b100000,0x000000940b200000)]
  0x0000020968ff61b0 JavaThread "Unconstrained build operations Thread 29" [_thread_blocked, id=11800, stack(0x000000940b200000,0x000000940b300000)]
  0x0000020968ff8d00 JavaThread "Unconstrained build operations Thread 30" [_thread_blocked, id=1872, stack(0x000000940b300000,0x000000940b400000)]
  0x0000020968ff5810 JavaThread "Unconstrained build operations Thread 31" [_thread_blocked, id=12460, stack(0x000000940b400000,0x000000940b500000)]
  0x0000020968ff96a0 JavaThread "Unconstrained build operations Thread 32" [_thread_blocked, id=9084, stack(0x000000940b500000,0x000000940b600000)]
  0x0000020968ffa510 JavaThread "Unconstrained build operations Thread 33" [_thread_blocked, id=1452, stack(0x000000940b600000,0x000000940b700000)]
  0x0000020968ffa9e0 JavaThread "Unconstrained build operations Thread 34" [_thread_blocked, id=4172, stack(0x000000940b700000,0x000000940b800000)]
  0x0000020968ff7e90 JavaThread "Memory manager" [_thread_blocked, id=12008, stack(0x000000940b800000,0x000000940b900000)]

Other Threads:
  0x000002096672f1d0 VMThread "VM Thread" [stack: 0x0000009405d00000,0x0000009405e00000] [id=10556]
  0x000002094bc74400 WatcherThread [stack: 0x0000009406900000,0x0000009406a00000] [id=9608]
  0x000002094bc5c8c0 GCTaskThread "GC Thread#0" [stack: 0x0000009405800000,0x0000009405900000] [id=6728]
  0x0000020967d08cc0 GCTaskThread "GC Thread#1" [stack: 0x0000009406c00000,0x0000009406d00000] [id=8584]
  0x0000020967c409b0 GCTaskThread "GC Thread#2" [stack: 0x0000009406d00000,0x0000009406e00000] [id=13120]
  0x0000020967c40c60 GCTaskThread "GC Thread#3" [stack: 0x0000009406e00000,0x0000009406f00000] [id=5896]
  0x0000020967d330d0 GCTaskThread "GC Thread#4" [stack: 0x0000009406f00000,0x0000009407000000] [id=11596]
  0x00000209678f0ca0 GCTaskThread "GC Thread#5" [stack: 0x0000009407000000,0x0000009407100000] [id=4120]
  0x000002096944bd10 GCTaskThread "GC Thread#6" [stack: 0x0000009407c00000,0x0000009407d00000] [id=12204]
  0x000002096944c7d0 GCTaskThread "GC Thread#7" [stack: 0x0000009407d00000,0x0000009407e00000] [id=1084]
  0x000002094bc61960 ConcurrentGCThread "G1 Main Marker" [stack: 0x0000009405900000,0x0000009405a00000] [id=5328]
  0x000002094bc62b10 ConcurrentGCThread "G1 Conc#0" [stack: 0x0000009405a00000,0x0000009405b00000] [id=12016]
  0x000002096944ba60 ConcurrentGCThread "G1 Conc#1" [stack: 0x0000009408800000,0x0000009408900000] [id=9504]
  0x000002094bcfddf0 ConcurrentGCThread "G1 Refine#0" [stack: 0x0000009405b00000,0x0000009405c00000] [id=4928]
  0x000002094bcfe6b0 ConcurrentGCThread "G1 Service" [stack: 0x0000009405c00000,0x0000009405d00000] [id=11088]

Threads with active compile tasks:
C2 CompilerThread0    42130 6201       4       org.objectweb.asm.SymbolTable::addConstantMemberReference (147 bytes)
C2 CompilerThread1    42130 6269       4       org.objectweb.asm.Frame::execute (2318 bytes)

VM state: not at safepoint (normal execution)

VM Mutex/Monitor currently owned by a thread: None

Heap address: 0x00000000e0000000, size: 512 MB, Compressed Oops mode: 32-bit

CDS archive(s) mapped at: [0x0000000800000000-0x0000000800bc0000-0x0000000800bc0000), size 12320768, SharedBaseAddress: 0x0000000800000000, ArchiveRelocationMode: 0.
Compressed class space mapped at: 0x0000000800c00000-0x000000080dc00000, reserved size: 218103808
Narrow klass base: 0x0000000800000000, Narrow klass shift: 0, Narrow klass range: 0x100000000

GC Precious Log:
 CPUs: 8 total, 8 available
 Memory: 8101M
 Large Page Support: Disabled
 NUMA Support: Disabled
 Compressed Oops: Enabled (32-bit)
 Heap Region Size: 1M
 Heap Min Capacity: 256M
 Heap Initial Capacity: 256M
 Heap Max Capacity: 512M
 Pre-touch: Disabled
 Parallel Workers: 8
 Concurrent Workers: 2
 Concurrent Refinement Workers: 8
 Periodic GC: Disabled

Heap:
 garbage-first heap   total 262144K, used 97112K [0x00000000e0000000, 0x0000000100000000)
  region size 1024K, 38 young (38912K), 12 survivors (12288K)
 Metaspace       used 54527K, committed 55168K, reserved 262144K
  class space    used 7530K, committed 7808K, reserved 212992K

Heap Regions: E=young(eden), S=young(survivor), O=old, HS=humongous(starts), HC=humongous(continues), CS=collection set, F=free, OA=open archive, CA=closed archive, TAMS=top-at-mark-start (previous, next)
|   0|0x00000000e0000000, 0x00000000e0100000, 0x00000000e0100000|100%|HS|  |TAMS 0x00000000e0100000, 0x00000000e0000000| Complete 
|   1|0x00000000e0100000, 0x00000000e0200000, 0x00000000e0200000|100%|HC|  |TAMS 0x00000000e0200000, 0x00000000e0100000| Complete 
|   2|0x00000000e0200000, 0x00000000e0300000, 0x00000000e0300000|100%|HC|  |TAMS 0x00000000e0300000, 0x00000000e0200000| Complete 
|   3|0x00000000e0300000, 0x00000000e0300000, 0x00000000e0400000|  0%| F|  |TAMS 0x00000000e0300000, 0x00000000e0300000| Untracked 
|   4|0x00000000e0400000, 0x00000000e0500000, 0x00000000e0500000|100%| O|  |TAMS 0x00000000e0500000, 0x00000000e0400000| Untracked 
|   5|0x00000000e0500000, 0x00000000e0600000, 0x00000000e0600000|100%| O|  |TAMS 0x00000000e0600000, 0x00000000e0500000| Untracked 
|   6|0x00000000e0600000, 0x00000000e0700000, 0x00000000e0700000|100%| O|  |TAMS 0x00000000e0700000, 0x00000000e0600000| Untracked 
|   7|0x00000000e0700000, 0x00000000e0800000, 0x00000000e0800000|100%| O|  |TAMS 0x00000000e0800000, 0x00000000e0700000| Untracked 
|   8|0x00000000e0800000, 0x00000000e0900000, 0x00000000e0900000|100%| O|  |TAMS 0x00000000e0900000, 0x00000000e0800000| Untracked 
|   9|0x00000000e0900000, 0x00000000e0a00000, 0x00000000e0a00000|100%| O|  |TAMS 0x00000000e0a00000, 0x00000000e0900000| Untracked 
|  10|0x00000000e0a00000, 0x00000000e0b00000, 0x00000000e0b00000|100%| O|  |TAMS 0x00000000e0b00000, 0x00000000e0a00000| Untracked 
|  11|0x00000000e0b00000, 0x00000000e0c00000, 0x00000000e0c00000|100%|HS|  |TAMS 0x00000000e0c00000, 0x00000000e0b00000| Complete 
|  12|0x00000000e0c00000, 0x00000000e0d00000, 0x00000000e0d00000|100%|HC|  |TAMS 0x00000000e0d00000, 0x00000000e0c00000| Complete 
|  13|0x00000000e0d00000, 0x00000000e0e00000, 0x00000000e0e00000|100%|HS|  |TAMS 0x00000000e0e00000, 0x00000000e0d00000| Complete 
|  14|0x00000000e0e00000, 0x00000000e0f00000, 0x00000000e0f00000|100%|HC|  |TAMS 0x00000000e0f00000, 0x00000000e0e00000| Complete 
|  15|0x00000000e0f00000, 0x00000000e1000000, 0x00000000e1000000|100%|HC|  |TAMS 0x00000000e1000000, 0x00000000e0f00000| Complete 
|  16|0x00000000e1000000, 0x00000000e1100000, 0x00000000e1100000|100%|HS|  |TAMS 0x00000000e1100000, 0x00000000e1000000| Complete 
|  17|0x00000000e1100000, 0x00000000e1200000, 0x00000000e1200000|100%|HS|  |TAMS 0x00000000e1200000, 0x00000000e1100000| Complete 
|  18|0x00000000e1200000, 0x00000000e1300000, 0x00000000e1300000|100%|HC|  |TAMS 0x00000000e1300000, 0x00000000e1200000| Complete 
|  19|0x00000000e1300000, 0x00000000e1400000, 0x00000000e1400000|100%|HC|  |TAMS 0x00000000e1400000, 0x00000000e1300000| Complete 
|  20|0x00000000e1400000, 0x00000000e1500000, 0x00000000e1500000|100%|HC|  |TAMS 0x00000000e1500000, 0x00000000e1400000| Complete 
|  21|0x00000000e1500000, 0x00000000e1600000, 0x00000000e1600000|100%|HS|  |TAMS 0x00000000e1600000, 0x00000000e1500000| Complete 
|  22|0x00000000e1600000, 0x00000000e1700000, 0x00000000e1700000|100%|HC|  |TAMS 0x00000000e1700000, 0x00000000e1600000| Complete 
|  23|0x00000000e1700000, 0x00000000e1800000, 0x00000000e1800000|100%|HC|  |TAMS 0x00000000e1800000, 0x00000000e1700000| Complete 
|  24|0x00000000e1800000, 0x00000000e1900000, 0x00000000e1900000|100%|HC|  |TAMS 0x00000000e1900000, 0x00000000e1800000| Complete 
|  25|0x00000000e1900000, 0x00000000e1a00000, 0x00000000e1a00000|100%| O|  |TAMS 0x00000000e1a00000, 0x00000000e1900000| Untracked 
|  26|0x00000000e1a00000, 0x00000000e1b00000, 0x00000000e1b00000|100%| O|  |TAMS 0x00000000e1b00000, 0x00000000e1a00000| Untracked 
|  27|0x00000000e1b00000, 0x00000000e1c00000, 0x00000000e1c00000|100%|HS|  |TAMS 0x00000000e1c00000, 0x00000000e1b00000| Complete 
|  28|0x00000000e1c00000, 0x00000000e1d00000, 0x00000000e1d00000|100%|HC|  |TAMS 0x00000000e1d00000, 0x00000000e1c00000| Complete 
|  29|0x00000000e1d00000, 0x00000000e1e00000, 0x00000000e1e00000|100%|HC|  |TAMS 0x00000000e1e00000, 0x00000000e1d00000| Complete 
|  30|0x00000000e1e00000, 0x00000000e1f00000, 0x00000000e1f00000|100%|HS|  |TAMS 0x00000000e1f00000, 0x00000000e1e00000| Complete 
|  31|0x00000000e1f00000, 0x00000000e2000000, 0x00000000e2000000|100%|HS|  |TAMS 0x00000000e2000000, 0x00000000e1f00000| Complete 
|  32|0x00000000e2000000, 0x00000000e2100000, 0x00000000e2100000|100%|HC|  |TAMS 0x00000000e2100000, 0x00000000e2000000| Complete 
|  33|0x00000000e2100000, 0x00000000e2200000, 0x00000000e2200000|100%|HC|  |TAMS 0x00000000e2200000, 0x00000000e2100000| Complete 
|  34|0x00000000e2200000, 0x00000000e2300000, 0x00000000e2300000|100%|HC|  |TAMS 0x00000000e2300000, 0x00000000e2200000| Complete 
|  35|0x00000000e2300000, 0x00000000e2400000, 0x00000000e2400000|100%| O|  |TAMS 0x00000000e2400000, 0x00000000e2300000| Untracked 
|  36|0x00000000e2400000, 0x00000000e2500000, 0x00000000e2500000|100%| O|  |TAMS 0x00000000e2500000, 0x00000000e2400000| Untracked 
|  37|0x00000000e2500000, 0x00000000e2600000, 0x00000000e2600000|100%| O|  |TAMS 0x00000000e2600000, 0x00000000e2500000| Untracked 
|  38|0x00000000e2600000, 0x00000000e2700000, 0x00000000e2700000|100%| O|  |TAMS 0x00000000e2700000, 0x00000000e2600000| Untracked 
|  39|0x00000000e2700000, 0x00000000e2800000, 0x00000000e2800000|100%| O|  |TAMS 0x00000000e2800000, 0x00000000e2700000| Untracked 
|  40|0x00000000e2800000, 0x00000000e2900000, 0x00000000e2900000|100%| O|  |TAMS 0x00000000e2900000, 0x00000000e2800000| Untracked 
|  41|0x00000000e2900000, 0x00000000e2a00000, 0x00000000e2a00000|100%| O|  |TAMS 0x00000000e2a00000, 0x00000000e2900000| Untracked 
|  42|0x00000000e2a00000, 0x00000000e2b00000, 0x00000000e2b00000|100%| O|  |TAMS 0x00000000e2b00000, 0x00000000e2a00000| Untracked 
|  43|0x00000000e2b00000, 0x00000000e2c00000, 0x00000000e2c00000|100%| O|  |TAMS 0x00000000e2c00000, 0x00000000e2b00000| Untracked 
|  44|0x00000000e2c00000, 0x00000000e2d00000, 0x00000000e2d00000|100%| O|  |TAMS 0x00000000e2d00000, 0x00000000e2c00000| Untracked 
|  45|0x00000000e2d00000, 0x00000000e2e00000, 0x00000000e2e00000|100%| O|  |TAMS 0x00000000e2e00000, 0x00000000e2d00000| Untracked 
|  46|0x00000000e2e00000, 0x00000000e2f00000, 0x00000000e2f00000|100%| O|  |TAMS 0x00000000e2f00000, 0x00000000e2e00000| Untracked 
|  47|0x00000000e2f00000, 0x00000000e3000000, 0x00000000e3000000|100%| O|  |TAMS 0x00000000e3000000, 0x00000000e2f00000| Untracked 
|  48|0x00000000e3000000, 0x00000000e3100000, 0x00000000e3100000|100%| O|  |TAMS 0x00000000e3100000, 0x00000000e3000000| Untracked 
|  49|0x00000000e3100000, 0x00000000e3200000, 0x00000000e3200000|100%| O|  |TAMS 0x00000000e3200000, 0x00000000e3100000| Untracked 
|  50|0x00000000e3200000, 0x00000000e3300000, 0x00000000e3300000|100%| O|  |TAMS 0x00000000e3300000, 0x00000000e3200000| Untracked 
|  51|0x00000000e3300000, 0x00000000e3400000, 0x00000000e3400000|100%| O|  |TAMS 0x00000000e3400000, 0x00000000e3300000| Untracked 
|  52|0x00000000e3400000, 0x00000000e3500000, 0x00000000e3500000|100%| O|  |TAMS 0x00000000e3500000, 0x00000000e3400000| Untracked 
|  53|0x00000000e3500000, 0x00000000e3600000, 0x00000000e3600000|100%| O|  |TAMS 0x00000000e3600000, 0x00000000e3500000| Untracked 
|  54|0x00000000e3600000, 0x00000000e3700000, 0x00000000e3700000|100%| O|  |TAMS 0x00000000e3700000, 0x00000000e3600000| Untracked 
|  55|0x00000000e3700000, 0x00000000e376a000, 0x00000000e3800000| 41%| O|  |TAMS 0x00000000e376a000, 0x00000000e3700000| Untracked 
|  56|0x00000000e3800000, 0x00000000e3900000, 0x00000000e3900000|100%|HS|  |TAMS 0x00000000e3800000, 0x00000000e3800000| Complete 
|  57|0x00000000e3900000, 0x00000000e3a00000, 0x00000000e3a00000|100%|HC|  |TAMS 0x00000000e3900000, 0x00000000e3900000| Complete 
|  58|0x00000000e3a00000, 0x00000000e3b00000, 0x00000000e3b00000|100%|HC|  |TAMS 0x00000000e3a00000, 0x00000000e3a00000| Complete 
|  59|0x00000000e3b00000, 0x00000000e3c00000, 0x00000000e3c00000|100%|HC|  |TAMS 0x00000000e3b00000, 0x00000000e3b00000| Complete 
|  60|0x00000000e3c00000, 0x00000000e3c00000, 0x00000000e3d00000|  0%| F|  |TAMS 0x00000000e3c00000, 0x00000000e3c00000| Untracked 
|  61|0x00000000e3d00000, 0x00000000e3d00000, 0x00000000e3e00000|  0%| F|  |TAMS 0x00000000e3d00000, 0x00000000e3d00000| Untracked 
|  62|0x00000000e3e00000, 0x00000000e3e00000, 0x00000000e3f00000|  0%| F|  |TAMS 0x00000000e3e00000, 0x00000000e3e00000| Untracked 
|  63|0x00000000e3f00000, 0x00000000e3f00000, 0x00000000e4000000|  0%| F|  |TAMS 0x00000000e3f00000, 0x00000000e3f00000| Untracked 
|  64|0x00000000e4000000, 0x00000000e4000000, 0x00000000e4100000|  0%| F|  |TAMS 0x00000000e4000000, 0x00000000e4000000| Untracked 
|  65|0x00000000e4100000, 0x00000000e4100000, 0x00000000e4200000|  0%| F|  |TAMS 0x00000000e4100000, 0x00000000e4100000| Untracked 
|  66|0x00000000e4200000, 0x00000000e4200000, 0x00000000e4300000|  0%| F|  |TAMS 0x00000000e4200000, 0x00000000e4200000| Untracked 
|  67|0x00000000e4300000, 0x00000000e4300000, 0x00000000e4400000|  0%| F|  |TAMS 0x00000000e4300000, 0x00000000e4300000| Untracked 
|  68|0x00000000e4400000, 0x00000000e4400000, 0x00000000e4500000|  0%| F|  |TAMS 0x00000000e4400000, 0x00000000e4400000| Untracked 
|  69|0x00000000e4500000, 0x00000000e4500000, 0x00000000e4600000|  0%| F|  |TAMS 0x00000000e4500000, 0x00000000e4500000| Untracked 
|  70|0x00000000e4600000, 0x00000000e4600000, 0x00000000e4700000|  0%| F|  |TAMS 0x00000000e4600000, 0x00000000e4600000| Untracked 
|  71|0x00000000e4700000, 0x00000000e4700000, 0x00000000e4800000|  0%| F|  |TAMS 0x00000000e4700000, 0x00000000e4700000| Untracked 
|  72|0x00000000e4800000, 0x00000000e4800000, 0x00000000e4900000|  0%| F|  |TAMS 0x00000000e4800000, 0x00000000e4800000| Untracked 
|  73|0x00000000e4900000, 0x00000000e4900000, 0x00000000e4a00000|  0%| F|  |TAMS 0x00000000e4900000, 0x00000000e4900000| Untracked 
|  74|0x00000000e4a00000, 0x00000000e4a00000, 0x00000000e4b00000|  0%| F|  |TAMS 0x00000000e4a00000, 0x00000000e4a00000| Untracked 
|  75|0x00000000e4b00000, 0x00000000e4b00000, 0x00000000e4c00000|  0%| F|  |TAMS 0x00000000e4b00000, 0x00000000e4b00000| Untracked 
|  76|0x00000000e4c00000, 0x00000000e4c00000, 0x00000000e4d00000|  0%| F|  |TAMS 0x00000000e4c00000, 0x00000000e4c00000| Untracked 
|  77|0x00000000e4d00000, 0x00000000e4d00000, 0x00000000e4e00000|  0%| F|  |TAMS 0x00000000e4d00000, 0x00000000e4d00000| Untracked 
|  78|0x00000000e4e00000, 0x00000000e4e00000, 0x00000000e4f00000|  0%| F|  |TAMS 0x00000000e4e00000, 0x00000000e4e00000| Untracked 
|  79|0x00000000e4f00000, 0x00000000e4f00000, 0x00000000e5000000|  0%| F|  |TAMS 0x00000000e4f00000, 0x00000000e4f00000| Untracked 
|  80|0x00000000e5000000, 0x00000000e5000000, 0x00000000e5100000|  0%| F|  |TAMS 0x00000000e5000000, 0x00000000e5000000| Untracked 
|  81|0x00000000e5100000, 0x00000000e5100000, 0x00000000e5200000|  0%| F|  |TAMS 0x00000000e5100000, 0x00000000e5100000| Untracked 
|  82|0x00000000e5200000, 0x00000000e5200000, 0x00000000e5300000|  0%| F|  |TAMS 0x00000000e5200000, 0x00000000e5200000| Untracked 
|  83|0x00000000e5300000, 0x00000000e5300000, 0x00000000e5400000|  0%| F|  |TAMS 0x00000000e5300000, 0x00000000e5300000| Untracked 
|  84|0x00000000e5400000, 0x00000000e5400000, 0x00000000e5500000|  0%| F|  |TAMS 0x00000000e5400000, 0x00000000e5400000| Untracked 
|  85|0x00000000e5500000, 0x00000000e5500000, 0x00000000e5600000|  0%| F|  |TAMS 0x00000000e5500000, 0x00000000e5500000| Untracked 
|  86|0x00000000e5600000, 0x00000000e5600000, 0x00000000e5700000|  0%| F|  |TAMS 0x00000000e5600000, 0x00000000e5600000| Untracked 
|  87|0x00000000e5700000, 0x00000000e5700000, 0x00000000e5800000|  0%| F|  |TAMS 0x00000000e5700000, 0x00000000e5700000| Untracked 
|  88|0x00000000e5800000, 0x00000000e5800000, 0x00000000e5900000|  0%| F|  |TAMS 0x00000000e5800000, 0x00000000e5800000| Untracked 
|  89|0x00000000e5900000, 0x00000000e5900000, 0x00000000e5a00000|  0%| F|  |TAMS 0x00000000e5900000, 0x00000000e5900000| Untracked 
|  90|0x00000000e5a00000, 0x00000000e5a00000, 0x00000000e5b00000|  0%| F|  |TAMS 0x00000000e5a00000, 0x00000000e5a00000| Untracked 
|  91|0x00000000e5b00000, 0x00000000e5b00000, 0x00000000e5c00000|  0%| F|  |TAMS 0x00000000e5b00000, 0x00000000e5b00000| Untracked 
|  92|0x00000000e5c00000, 0x00000000e5c00000, 0x00000000e5d00000|  0%| F|  |TAMS 0x00000000e5c00000, 0x00000000e5c00000| Untracked 
|  93|0x00000000e5d00000, 0x00000000e5d00000, 0x00000000e5e00000|  0%| F|  |TAMS 0x00000000e5d00000, 0x00000000e5d00000| Untracked 
|  94|0x00000000e5e00000, 0x00000000e5e00000, 0x00000000e5f00000|  0%| F|  |TAMS 0x00000000e5e00000, 0x00000000e5e00000| Untracked 
|  95|0x00000000e5f00000, 0x00000000e5f00000, 0x00000000e6000000|  0%| F|  |TAMS 0x00000000e5f00000, 0x00000000e5f00000| Untracked 
|  96|0x00000000e6000000, 0x00000000e6000000, 0x00000000e6100000|  0%| F|  |TAMS 0x00000000e6000000, 0x00000000e6000000| Untracked 
|  97|0x00000000e6100000, 0x00000000e6100000, 0x00000000e6200000|  0%| F|  |TAMS 0x00000000e6100000, 0x00000000e6100000| Untracked 
|  98|0x00000000e6200000, 0x00000000e6200000, 0x00000000e6300000|  0%| F|  |TAMS 0x00000000e6200000, 0x00000000e6200000| Untracked 
|  99|0x00000000e6300000, 0x00000000e6300000, 0x00000000e6400000|  0%| F|  |TAMS 0x00000000e6300000, 0x00000000e6300000| Untracked 
| 100|0x00000000e6400000, 0x00000000e6400000, 0x00000000e6500000|  0%| F|  |TAMS 0x00000000e6400000, 0x00000000e6400000| Untracked 
| 101|0x00000000e6500000, 0x00000000e6500000, 0x00000000e6600000|  0%| F|  |TAMS 0x00000000e6500000, 0x00000000e6500000| Untracked 
| 102|0x00000000e6600000, 0x00000000e6600000, 0x00000000e6700000|  0%| F|  |TAMS 0x00000000e6600000, 0x00000000e6600000| Untracked 
| 103|0x00000000e6700000, 0x00000000e6700000, 0x00000000e6800000|  0%| F|  |TAMS 0x00000000e6700000, 0x00000000e6700000| Untracked 
| 104|0x00000000e6800000, 0x00000000e6800000, 0x00000000e6900000|  0%| F|  |TAMS 0x00000000e6800000, 0x00000000e6800000| Untracked 
| 105|0x00000000e6900000, 0x00000000e6900000, 0x00000000e6a00000|  0%| F|  |TAMS 0x00000000e6900000, 0x00000000e6900000| Untracked 
| 106|0x00000000e6a00000, 0x00000000e6a00000, 0x00000000e6b00000|  0%| F|  |TAMS 0x00000000e6a00000, 0x00000000e6a00000| Untracked 
| 107|0x00000000e6b00000, 0x00000000e6b00000, 0x00000000e6c00000|  0%| F|  |TAMS 0x00000000e6b00000, 0x00000000e6b00000| Untracked 
| 108|0x00000000e6c00000, 0x00000000e6c00000, 0x00000000e6d00000|  0%| F|  |TAMS 0x00000000e6c00000, 0x00000000e6c00000| Untracked 
| 109|0x00000000e6d00000, 0x00000000e6d00000, 0x00000000e6e00000|  0%| F|  |TAMS 0x00000000e6d00000, 0x00000000e6d00000| Untracked 
| 110|0x00000000e6e00000, 0x00000000e6e00000, 0x00000000e6f00000|  0%| F|  |TAMS 0x00000000e6e00000, 0x00000000e6e00000| Untracked 
| 111|0x00000000e6f00000, 0x00000000e6f00000, 0x00000000e7000000|  0%| F|  |TAMS 0x00000000e6f00000, 0x00000000e6f00000| Untracked 
| 112|0x00000000e7000000, 0x00000000e7000000, 0x00000000e7100000|  0%| F|  |TAMS 0x00000000e7000000, 0x00000000e7000000| Untracked 
| 113|0x00000000e7100000, 0x00000000e7100000, 0x00000000e7200000|  0%| F|  |TAMS 0x00000000e7100000, 0x00000000e7100000| Untracked 
| 114|0x00000000e7200000, 0x00000000e7200000, 0x00000000e7300000|  0%| F|  |TAMS 0x00000000e7200000, 0x00000000e7200000| Untracked 
| 115|0x00000000e7300000, 0x00000000e7300000, 0x00000000e7400000|  0%| F|  |TAMS 0x00000000e7300000, 0x00000000e7300000| Untracked 
| 116|0x00000000e7400000, 0x00000000e7400000, 0x00000000e7500000|  0%| F|  |TAMS 0x00000000e7400000, 0x00000000e7400000| Untracked 
| 117|0x00000000e7500000, 0x00000000e756c0e8, 0x00000000e7600000| 42%| S|CS|TAMS 0x00000000e7500000, 0x00000000e7500000| Complete 
| 118|0x00000000e7600000, 0x00000000e7700000, 0x00000000e7700000|100%| S|CS|TAMS 0x00000000e7600000, 0x00000000e7600000| Complete 
| 119|0x00000000e7700000, 0x00000000e7800000, 0x00000000e7800000|100%| S|CS|TAMS 0x00000000e7700000, 0x00000000e7700000| Complete 
| 120|0x00000000e7800000, 0x00000000e7900000, 0x00000000e7900000|100%| S|CS|TAMS 0x00000000e7800000, 0x00000000e7800000| Complete 
| 121|0x00000000e7900000, 0x00000000e7a00000, 0x00000000e7a00000|100%| S|CS|TAMS 0x00000000e7900000, 0x00000000e7900000| Complete 
| 122|0x00000000e7a00000, 0x00000000e7b00000, 0x00000000e7b00000|100%| S|CS|TAMS 0x00000000e7a00000, 0x00000000e7a00000| Complete 
| 123|0x00000000e7b00000, 0x00000000e7c00000, 0x00000000e7c00000|100%| S|CS|TAMS 0x00000000e7b00000, 0x00000000e7b00000| Complete 
| 124|0x00000000e7c00000, 0x00000000e7d00000, 0x00000000e7d00000|100%| S|CS|TAMS 0x00000000e7c00000, 0x00000000e7c00000| Complete 
| 125|0x00000000e7d00000, 0x00000000e7e00000, 0x00000000e7e00000|100%| S|CS|TAMS 0x00000000e7d00000, 0x00000000e7d00000| Complete 
| 126|0x00000000e7e00000, 0x00000000e7f00000, 0x00000000e7f00000|100%| S|CS|TAMS 0x00000000e7e00000, 0x00000000e7e00000| Complete 
| 127|0x00000000e7f00000, 0x00000000e8000000, 0x00000000e8000000|100%| S|CS|TAMS 0x00000000e7f00000, 0x00000000e7f00000| Complete 
| 128|0x00000000e8000000, 0x00000000e8100000, 0x00000000e8100000|100%| S|CS|TAMS 0x00000000e8000000, 0x00000000e8000000| Complete 
| 129|0x00000000e8100000, 0x00000000e8100000, 0x00000000e8200000|  0%| F|  |TAMS 0x00000000e8100000, 0x00000000e8100000| Untracked 
| 130|0x00000000e8200000, 0x00000000e8200000, 0x00000000e8300000|  0%| F|  |TAMS 0x00000000e8200000, 0x00000000e8200000| Untracked 
| 131|0x00000000e8300000, 0x00000000e8300000, 0x00000000e8400000|  0%| F|  |TAMS 0x00000000e8300000, 0x00000000e8300000| Untracked 
| 132|0x00000000e8400000, 0x00000000e8400000, 0x00000000e8500000|  0%| F|  |TAMS 0x00000000e8400000, 0x00000000e8400000| Untracked 
| 133|0x00000000e8500000, 0x00000000e8500000, 0x00000000e8600000|  0%| F|  |TAMS 0x00000000e8500000, 0x00000000e8500000| Untracked 
| 134|0x00000000e8600000, 0x00000000e8600000, 0x00000000e8700000|  0%| F|  |TAMS 0x00000000e8600000, 0x00000000e8600000| Untracked 
| 135|0x00000000e8700000, 0x00000000e8700000, 0x00000000e8800000|  0%| F|  |TAMS 0x00000000e8700000, 0x00000000e8700000| Untracked 
| 136|0x00000000e8800000, 0x00000000e8800000, 0x00000000e8900000|  0%| F|  |TAMS 0x00000000e8800000, 0x00000000e8800000| Untracked 
| 137|0x00000000e8900000, 0x00000000e8900000, 0x00000000e8a00000|  0%| F|  |TAMS 0x00000000e8900000, 0x00000000e8900000| Untracked 
| 138|0x00000000e8a00000, 0x00000000e8a00000, 0x00000000e8b00000|  0%| F|  |TAMS 0x00000000e8a00000, 0x00000000e8a00000| Untracked 
| 139|0x00000000e8b00000, 0x00000000e8b00000, 0x00000000e8c00000|  0%| F|  |TAMS 0x00000000e8b00000, 0x00000000e8b00000| Untracked 
| 140|0x00000000e8c00000, 0x00000000e8c00000, 0x00000000e8d00000|  0%| F|  |TAMS 0x00000000e8c00000, 0x00000000e8c00000| Untracked 
| 141|0x00000000e8d00000, 0x00000000e8d00000, 0x00000000e8e00000|  0%| F|  |TAMS 0x00000000e8d00000, 0x00000000e8d00000| Untracked 
| 142|0x00000000e8e00000, 0x00000000e8e00000, 0x00000000e8f00000|  0%| F|  |TAMS 0x00000000e8e00000, 0x00000000e8e00000| Untracked 
| 143|0x00000000e8f00000, 0x00000000e8f00000, 0x00000000e9000000|  0%| F|  |TAMS 0x00000000e8f00000, 0x00000000e8f00000| Untracked 
| 144|0x00000000e9000000, 0x00000000e9000000, 0x00000000e9100000|  0%| F|  |TAMS 0x00000000e9000000, 0x00000000e9000000| Untracked 
| 145|0x00000000e9100000, 0x00000000e9100000, 0x00000000e9200000|  0%| F|  |TAMS 0x00000000e9100000, 0x00000000e9100000| Untracked 
| 146|0x00000000e9200000, 0x00000000e9200000, 0x00000000e9300000|  0%| F|  |TAMS 0x00000000e9200000, 0x00000000e9200000| Untracked 
| 147|0x00000000e9300000, 0x00000000e9300000, 0x00000000e9400000|  0%| F|  |TAMS 0x00000000e9300000, 0x00000000e9300000| Untracked 
| 148|0x00000000e9400000, 0x00000000e9400000, 0x00000000e9500000|  0%| F|  |TAMS 0x00000000e9400000, 0x00000000e9400000| Untracked 
| 149|0x00000000e9500000, 0x00000000e9500000, 0x00000000e9600000|  0%| F|  |TAMS 0x00000000e9500000, 0x00000000e9500000| Untracked 
| 150|0x00000000e9600000, 0x00000000e9600000, 0x00000000e9700000|  0%| F|  |TAMS 0x00000000e9600000, 0x00000000e9600000| Untracked 
| 151|0x00000000e9700000, 0x00000000e9700000, 0x00000000e9800000|  0%| F|  |TAMS 0x00000000e9700000, 0x00000000e9700000| Untracked 
| 152|0x00000000e9800000, 0x00000000e9800000, 0x00000000e9900000|  0%| F|  |TAMS 0x00000000e9800000, 0x00000000e9800000| Untracked 
| 153|0x00000000e9900000, 0x00000000e9900000, 0x00000000e9a00000|  0%| F|  |TAMS 0x00000000e9900000, 0x00000000e9900000| Untracked 
| 154|0x00000000e9a00000, 0x00000000e9a00000, 0x00000000e9b00000|  0%| F|  |TAMS 0x00000000e9a00000, 0x00000000e9a00000| Untracked 
| 155|0x00000000e9b00000, 0x00000000e9b00000, 0x00000000e9c00000|  0%| F|  |TAMS 0x00000000e9b00000, 0x00000000e9b00000| Untracked 
| 156|0x00000000e9c00000, 0x00000000e9c00000, 0x00000000e9d00000|  0%| F|  |TAMS 0x00000000e9c00000, 0x00000000e9c00000| Untracked 
| 157|0x00000000e9d00000, 0x00000000e9d00000, 0x00000000e9e00000|  0%| F|  |TAMS 0x00000000e9d00000, 0x00000000e9d00000| Untracked 
| 158|0x00000000e9e00000, 0x00000000e9e00000, 0x00000000e9f00000|  0%| F|  |TAMS 0x00000000e9e00000, 0x00000000e9e00000| Untracked 
| 159|0x00000000e9f00000, 0x00000000e9f00000, 0x00000000ea000000|  0%| F|  |TAMS 0x00000000e9f00000, 0x00000000e9f00000| Untracked 
| 160|0x00000000ea000000, 0x00000000ea000000, 0x00000000ea100000|  0%| F|  |TAMS 0x00000000ea000000, 0x00000000ea000000| Untracked 
| 161|0x00000000ea100000, 0x00000000ea100000, 0x00000000ea200000|  0%| F|  |TAMS 0x00000000ea100000, 0x00000000ea100000| Untracked 
| 162|0x00000000ea200000, 0x00000000ea200000, 0x00000000ea300000|  0%| F|  |TAMS 0x00000000ea200000, 0x00000000ea200000| Untracked 
| 163|0x00000000ea300000, 0x00000000ea300000, 0x00000000ea400000|  0%| F|  |TAMS 0x00000000ea300000, 0x00000000ea300000| Untracked 
| 164|0x00000000ea400000, 0x00000000ea400000, 0x00000000ea500000|  0%| F|  |TAMS 0x00000000ea400000, 0x00000000ea400000| Untracked 
| 165|0x00000000ea500000, 0x00000000ea500000, 0x00000000ea600000|  0%| F|  |TAMS 0x00000000ea500000, 0x00000000ea500000| Untracked 
| 166|0x00000000ea600000, 0x00000000ea600000, 0x00000000ea700000|  0%| F|  |TAMS 0x00000000ea600000, 0x00000000ea600000| Untracked 
| 167|0x00000000ea700000, 0x00000000ea700000, 0x00000000ea800000|  0%| F|  |TAMS 0x00000000ea700000, 0x00000000ea700000| Untracked 
| 168|0x00000000ea800000, 0x00000000ea800000, 0x00000000ea900000|  0%| F|  |TAMS 0x00000000ea800000, 0x00000000ea800000| Untracked 
| 169|0x00000000ea900000, 0x00000000ea900000, 0x00000000eaa00000|  0%| F|  |TAMS 0x00000000ea900000, 0x00000000ea900000| Untracked 
| 170|0x00000000eaa00000, 0x00000000eaa00000, 0x00000000eab00000|  0%| F|  |TAMS 0x00000000eaa00000, 0x00000000eaa00000| Untracked 
| 171|0x00000000eab00000, 0x00000000eab00000, 0x00000000eac00000|  0%| F|  |TAMS 0x00000000eab00000, 0x00000000eab00000| Untracked 
| 172|0x00000000eac00000, 0x00000000eac00000, 0x00000000ead00000|  0%| F|  |TAMS 0x00000000eac00000, 0x00000000eac00000| Untracked 
| 173|0x00000000ead00000, 0x00000000ead00000, 0x00000000eae00000|  0%| F|  |TAMS 0x00000000ead00000, 0x00000000ead00000| Untracked 
| 174|0x00000000eae00000, 0x00000000eae00000, 0x00000000eaf00000|  0%| F|  |TAMS 0x00000000eae00000, 0x00000000eae00000| Untracked 
| 175|0x00000000eaf00000, 0x00000000eaf00000, 0x00000000eb000000|  0%| F|  |TAMS 0x00000000eaf00000, 0x00000000eaf00000| Untracked 
| 176|0x00000000eb000000, 0x00000000eb000000, 0x00000000eb100000|  0%| F|  |TAMS 0x00000000eb000000, 0x00000000eb000000| Untracked 
| 177|0x00000000eb100000, 0x00000000eb100000, 0x00000000eb200000|  0%| F|  |TAMS 0x00000000eb100000, 0x00000000eb100000| Untracked 
| 178|0x00000000eb200000, 0x00000000eb200000, 0x00000000eb300000|  0%| F|  |TAMS 0x00000000eb200000, 0x00000000eb200000| Untracked 
| 179|0x00000000eb300000, 0x00000000eb300000, 0x00000000eb400000|  0%| F|  |TAMS 0x00000000eb300000, 0x00000000eb300000| Untracked 
| 180|0x00000000eb400000, 0x00000000eb400000, 0x00000000eb500000|  0%| F|  |TAMS 0x00000000eb400000, 0x00000000eb400000| Untracked 
| 181|0x00000000eb500000, 0x00000000eb500000, 0x00000000eb600000|  0%| F|  |TAMS 0x00000000eb500000, 0x00000000eb500000| Untracked 
| 182|0x00000000eb600000, 0x00000000eb600000, 0x00000000eb700000|  0%| F|  |TAMS 0x00000000eb600000, 0x00000000eb600000| Untracked 
| 183|0x00000000eb700000, 0x00000000eb700000, 0x00000000eb800000|  0%| F|  |TAMS 0x00000000eb700000, 0x00000000eb700000| Untracked 
| 184|0x00000000eb800000, 0x00000000eb800000, 0x00000000eb900000|  0%| F|  |TAMS 0x00000000eb800000, 0x00000000eb800000| Untracked 
| 185|0x00000000eb900000, 0x00000000eb900000, 0x00000000eba00000|  0%| F|  |TAMS 0x00000000eb900000, 0x00000000eb900000| Untracked 
| 186|0x00000000eba00000, 0x00000000eba00000, 0x00000000ebb00000|  0%| F|  |TAMS 0x00000000eba00000, 0x00000000eba00000| Untracked 
| 187|0x00000000ebb00000, 0x00000000ebb00000, 0x00000000ebc00000|  0%| F|  |TAMS 0x00000000ebb00000, 0x00000000ebb00000| Untracked 
| 188|0x00000000ebc00000, 0x00000000ebc00000, 0x00000000ebd00000|  0%| F|  |TAMS 0x00000000ebc00000, 0x00000000ebc00000| Untracked 
| 189|0x00000000ebd00000, 0x00000000ebd00000, 0x00000000ebe00000|  0%| F|  |TAMS 0x00000000ebd00000, 0x00000000ebd00000| Untracked 
| 190|0x00000000ebe00000, 0x00000000ebe00000, 0x00000000ebf00000|  0%| F|  |TAMS 0x00000000ebe00000, 0x00000000ebe00000| Untracked 
| 191|0x00000000ebf00000, 0x00000000ebf00000, 0x00000000ec000000|  0%| F|  |TAMS 0x00000000ebf00000, 0x00000000ebf00000| Untracked 
| 192|0x00000000ec000000, 0x00000000ec000000, 0x00000000ec100000|  0%| F|  |TAMS 0x00000000ec000000, 0x00000000ec000000| Untracked 
| 193|0x00000000ec100000, 0x00000000ec100000, 0x00000000ec200000|  0%| F|  |TAMS 0x00000000ec100000, 0x00000000ec100000| Untracked 
| 194|0x00000000ec200000, 0x00000000ec200000, 0x00000000ec300000|  0%| F|  |TAMS 0x00000000ec200000, 0x00000000ec200000| Untracked 
| 195|0x00000000ec300000, 0x00000000ec300000, 0x00000000ec400000|  0%| F|  |TAMS 0x00000000ec300000, 0x00000000ec300000| Untracked 
| 196|0x00000000ec400000, 0x00000000ec400000, 0x00000000ec500000|  0%| F|  |TAMS 0x00000000ec400000, 0x00000000ec400000| Untracked 
| 197|0x00000000ec500000, 0x00000000ec500000, 0x00000000ec600000|  0%| F|  |TAMS 0x00000000ec500000, 0x00000000ec500000| Untracked 
| 198|0x00000000ec600000, 0x00000000ec600000, 0x00000000ec700000|  0%| F|  |TAMS 0x00000000ec600000, 0x00000000ec600000| Untracked 
| 199|0x00000000ec700000, 0x00000000ec700000, 0x00000000ec800000|  0%| F|  |TAMS 0x00000000ec700000, 0x00000000ec700000| Untracked 
| 200|0x00000000ec800000, 0x00000000ec800000, 0x00000000ec900000|  0%| F|  |TAMS 0x00000000ec800000, 0x00000000ec800000| Untracked 
| 201|0x00000000ec900000, 0x00000000ec900000, 0x00000000eca00000|  0%| F|  |TAMS 0x00000000ec900000, 0x00000000ec900000| Untracked 
| 202|0x00000000eca00000, 0x00000000eca00000, 0x00000000ecb00000|  0%| F|  |TAMS 0x00000000eca00000, 0x00000000eca00000| Untracked 
| 203|0x00000000ecb00000, 0x00000000ecb00000, 0x00000000ecc00000|  0%| F|  |TAMS 0x00000000ecb00000, 0x00000000ecb00000| Untracked 
| 204|0x00000000ecc00000, 0x00000000ecc00000, 0x00000000ecd00000|  0%| F|  |TAMS 0x00000000ecc00000, 0x00000000ecc00000| Untracked 
| 205|0x00000000ecd00000, 0x00000000ecd00000, 0x00000000ece00000|  0%| F|  |TAMS 0x00000000ecd00000, 0x00000000ecd00000| Untracked 
| 206|0x00000000ece00000, 0x00000000ece00000, 0x00000000ecf00000|  0%| F|  |TAMS 0x00000000ece00000, 0x00000000ece00000| Untracked 
| 207|0x00000000ecf00000, 0x00000000ecf00000, 0x00000000ed000000|  0%| F|  |TAMS 0x00000000ecf00000, 0x00000000ecf00000| Untracked 
| 208|0x00000000ed000000, 0x00000000ed000000, 0x00000000ed100000|  0%| F|  |TAMS 0x00000000ed000000, 0x00000000ed000000| Untracked 
| 209|0x00000000ed100000, 0x00000000ed100000, 0x00000000ed200000|  0%| F|  |TAMS 0x00000000ed100000, 0x00000000ed100000| Untracked 
| 210|0x00000000ed200000, 0x00000000ed200000, 0x00000000ed300000|  0%| F|  |TAMS 0x00000000ed200000, 0x00000000ed200000| Untracked 
| 211|0x00000000ed300000, 0x00000000ed300000, 0x00000000ed400000|  0%| F|  |TAMS 0x00000000ed300000, 0x00000000ed300000| Untracked 
| 212|0x00000000ed400000, 0x00000000ed400000, 0x00000000ed500000|  0%| F|  |TAMS 0x00000000ed400000, 0x00000000ed400000| Untracked 
| 213|0x00000000ed500000, 0x00000000ed500000, 0x00000000ed600000|  0%| F|  |TAMS 0x00000000ed500000, 0x00000000ed500000| Untracked 
| 214|0x00000000ed600000, 0x00000000ed600000, 0x00000000ed700000|  0%| F|  |TAMS 0x00000000ed600000, 0x00000000ed600000| Untracked 
| 215|0x00000000ed700000, 0x00000000ed700000, 0x00000000ed800000|  0%| F|  |TAMS 0x00000000ed700000, 0x00000000ed700000| Untracked 
| 216|0x00000000ed800000, 0x00000000ed800000, 0x00000000ed900000|  0%| F|  |TAMS 0x00000000ed800000, 0x00000000ed800000| Untracked 
| 217|0x00000000ed900000, 0x00000000ed900000, 0x00000000eda00000|  0%| F|  |TAMS 0x00000000ed900000, 0x00000000ed900000| Untracked 
| 218|0x00000000eda00000, 0x00000000eda00000, 0x00000000edb00000|  0%| F|  |TAMS 0x00000000eda00000, 0x00000000eda00000| Untracked 
| 219|0x00000000edb00000, 0x00000000edb00000, 0x00000000edc00000|  0%| F|  |TAMS 0x00000000edb00000, 0x00000000edb00000| Untracked 
| 220|0x00000000edc00000, 0x00000000edc00000, 0x00000000edd00000|  0%| F|  |TAMS 0x00000000edc00000, 0x00000000edc00000| Untracked 
| 221|0x00000000edd00000, 0x00000000edd00000, 0x00000000ede00000|  0%| F|  |TAMS 0x00000000edd00000, 0x00000000edd00000| Untracked 
| 222|0x00000000ede00000, 0x00000000ede00000, 0x00000000edf00000|  0%| F|  |TAMS 0x00000000ede00000, 0x00000000ede00000| Untracked 
| 223|0x00000000edf00000, 0x00000000edf00000, 0x00000000ee000000|  0%| F|  |TAMS 0x00000000edf00000, 0x00000000edf00000| Untracked 
| 224|0x00000000ee000000, 0x00000000ee000000, 0x00000000ee100000|  0%| F|  |TAMS 0x00000000ee000000, 0x00000000ee000000| Untracked 
| 225|0x00000000ee100000, 0x00000000ee100000, 0x00000000ee200000|  0%| F|  |TAMS 0x00000000ee100000, 0x00000000ee100000| Untracked 
| 226|0x00000000ee200000, 0x00000000ee200000, 0x00000000ee300000|  0%| F|  |TAMS 0x00000000ee200000, 0x00000000ee200000| Untracked 
| 227|0x00000000ee300000, 0x00000000ee300000, 0x00000000ee400000|  0%| F|  |TAMS 0x00000000ee300000, 0x00000000ee300000| Untracked 
| 228|0x00000000ee400000, 0x00000000ee400000, 0x00000000ee500000|  0%| F|  |TAMS 0x00000000ee400000, 0x00000000ee400000| Untracked 
| 229|0x00000000ee500000, 0x00000000ee585e10, 0x00000000ee600000| 52%| E|  |TAMS 0x00000000ee500000, 0x00000000ee500000| Complete 
| 230|0x00000000ee600000, 0x00000000ee700000, 0x00000000ee700000|100%| E|CS|TAMS 0x00000000ee600000, 0x00000000ee600000| Complete 
| 231|0x00000000ee700000, 0x00000000ee800000, 0x00000000ee800000|100%| E|CS|TAMS 0x00000000ee700000, 0x00000000ee700000| Complete 
| 232|0x00000000ee800000, 0x00000000ee900000, 0x00000000ee900000|100%| E|CS|TAMS 0x00000000ee800000, 0x00000000ee800000| Complete 
| 233|0x00000000ee900000, 0x00000000eea00000, 0x00000000eea00000|100%| E|CS|TAMS 0x00000000ee900000, 0x00000000ee900000| Complete 
| 234|0x00000000eea00000, 0x00000000eeb00000, 0x00000000eeb00000|100%| E|CS|TAMS 0x00000000eea00000, 0x00000000eea00000| Complete 
| 235|0x00000000eeb00000, 0x00000000eec00000, 0x00000000eec00000|100%| E|CS|TAMS 0x00000000eeb00000, 0x00000000eeb00000| Complete 
| 236|0x00000000eec00000, 0x00000000eed00000, 0x00000000eed00000|100%| E|CS|TAMS 0x00000000eec00000, 0x00000000eec00000| Complete 
| 237|0x00000000eed00000, 0x00000000eee00000, 0x00000000eee00000|100%| E|CS|TAMS 0x00000000eed00000, 0x00000000eed00000| Complete 
| 238|0x00000000eee00000, 0x00000000eef00000, 0x00000000eef00000|100%| E|CS|TAMS 0x00000000eee00000, 0x00000000eee00000| Complete 
| 239|0x00000000eef00000, 0x00000000ef000000, 0x00000000ef000000|100%| E|CS|TAMS 0x00000000eef00000, 0x00000000eef00000| Complete 
| 240|0x00000000ef000000, 0x00000000ef100000, 0x00000000ef100000|100%| E|CS|TAMS 0x00000000ef000000, 0x00000000ef000000| Complete 
| 241|0x00000000ef100000, 0x00000000ef200000, 0x00000000ef200000|100%| E|CS|TAMS 0x00000000ef100000, 0x00000000ef100000| Complete 
| 242|0x00000000ef200000, 0x00000000ef300000, 0x00000000ef300000|100%| E|CS|TAMS 0x00000000ef200000, 0x00000000ef200000| Complete 
| 243|0x00000000ef300000, 0x00000000ef400000, 0x00000000ef400000|100%| E|CS|TAMS 0x00000000ef300000, 0x00000000ef300000| Complete 
| 244|0x00000000ef400000, 0x00000000ef500000, 0x00000000ef500000|100%| E|CS|TAMS 0x00000000ef400000, 0x00000000ef400000| Complete 
| 245|0x00000000ef500000, 0x00000000ef600000, 0x00000000ef600000|100%| E|CS|TAMS 0x00000000ef500000, 0x00000000ef500000| Complete 
| 246|0x00000000ef600000, 0x00000000ef700000, 0x00000000ef700000|100%| E|CS|TAMS 0x00000000ef600000, 0x00000000ef600000| Complete 
| 247|0x00000000ef700000, 0x00000000ef800000, 0x00000000ef800000|100%| E|CS|TAMS 0x00000000ef700000, 0x00000000ef700000| Complete 
| 248|0x00000000ef800000, 0x00000000ef900000, 0x00000000ef900000|100%| E|CS|TAMS 0x00000000ef800000, 0x00000000ef800000| Complete 
| 249|0x00000000ef900000, 0x00000000efa00000, 0x00000000efa00000|100%| E|CS|TAMS 0x00000000ef900000, 0x00000000ef900000| Complete 
| 250|0x00000000efa00000, 0x00000000efb00000, 0x00000000efb00000|100%| E|CS|TAMS 0x00000000efa00000, 0x00000000efa00000| Complete 
| 251|0x00000000efb00000, 0x00000000efc00000, 0x00000000efc00000|100%| E|CS|TAMS 0x00000000efb00000, 0x00000000efb00000| Complete 
| 252|0x00000000efc00000, 0x00000000efd00000, 0x00000000efd00000|100%| E|CS|TAMS 0x00000000efc00000, 0x00000000efc00000| Complete 
| 253|0x00000000efd00000, 0x00000000efe00000, 0x00000000efe00000|100%| E|CS|TAMS 0x00000000efd00000, 0x00000000efd00000| Complete 
| 254|0x00000000efe00000, 0x00000000eff00000, 0x00000000eff00000|100%| E|CS|TAMS 0x00000000efe00000, 0x00000000efe00000| Complete 
| 255|0x00000000eff00000, 0x00000000f0000000, 0x00000000f0000000|100%| E|CS|TAMS 0x00000000eff00000, 0x00000000eff00000| Complete 

Card table byte_map: [0x0000020962b20000,0x0000020962c20000] _byte_map_base: 0x0000020962420000

Marking Bits (Prev, Next): (CMBitMap*) 0x000002094bc5ced0, (CMBitMap*) 0x000002094bc5cf10
 Prev Bits: [0x0000020962d20000, 0x0000020963520000)
 Next Bits: [0x0000020963520000, 0x0000020963d20000)

Polling page: 0x000002094b400000

Metaspace:

Usage:
  Non-class:     45.90 MB used.
      Class:      7.35 MB used.
       Both:     53.25 MB used.

Virtual space:
  Non-class space:       48.00 MB reserved,      46.25 MB ( 96%) committed,  6 nodes.
      Class space:      208.00 MB reserved,       7.62 MB (  4%) committed,  1 nodes.
             Both:      256.00 MB reserved,      53.88 MB ( 21%) committed. 

Chunk freelists:
   Non-Class:  1.06 MB
       Class:  336.00 KB
        Both:  1.39 MB

MaxMetaspaceSize: 256.00 MB
CompressedClassSpaceSize: 208.00 MB
Initial GC threshold: 21.00 MB
Current GC threshold: 59.31 MB
CDS: on
MetaspaceReclaimPolicy: balanced
 - commit_granule_bytes: 65536.
 - commit_granule_words: 8192.
 - virtual_space_node_default_size: 1048576.
 - enlarge_chunks_in_place: 1.
 - new_chunks_are_fully_committed: 0.
 - uncommit_free_chunks: 1.
 - use_allocation_guard: 0.
 - handle_deallocations: 1.


Internal statistics:

num_allocs_failed_limit: 9.
num_arena_births: 764.
num_arena_deaths: 0.
num_vsnodes_births: 7.
num_vsnodes_deaths: 0.
num_space_committed: 862.
num_space_uncommitted: 0.
num_chunks_returned_to_freelist: 9.
num_chunks_taken_from_freelist: 2741.
num_chunk_merges: 9.
num_chunk_splits: 1741.
num_chunks_enlarged: 1069.
num_purges: 0.
num_inconsistent_stats: 0.

CodeHeap 'non-profiled nmethods': size=120000Kb used=3074Kb max_used=3115Kb free=116925Kb
 bounds [0x000002095b1c0000, 0x000002095b4d0000, 0x00000209626f0000]
CodeHeap 'profiled nmethods': size=120000Kb used=11015Kb max_used=11015Kb free=108984Kb
 bounds [0x0000020953c90000, 0x0000020954760000, 0x000002095b1c0000]
CodeHeap 'non-nmethods': size=5760Kb used=2374Kb max_used=2458Kb free=3385Kb
 bounds [0x00000209536f0000, 0x0000020953970000, 0x0000020953c90000]
 total_blobs=6274 nmethods=5377 adapters=809
 compilation: enabled
              stopped_count=0, restarted_count=0
 full_count=0

Compilation events (20 events):
Event: 41.808 Thread 0x0000020966765b70 nmethod 6250 0x000002095472cc90 code [0x000002095472cea0, 0x000002095472d748]
Event: 41.809 Thread 0x0000020966765b70 6257       3       com.google.common.collect.ImmutableMap::copyOf (58 bytes)
Event: 41.811 Thread 0x0000020966765b70 nmethod 6257 0x000002095472d990 code [0x000002095472dba0, 0x000002095472e4d8]
Event: 41.811 Thread 0x0000020966765b70 6259       3       com.google.common.collect.ImmutableMap::keySet (23 bytes)
Event: 41.812 Thread 0x0000020966765b70 nmethod 6259 0x0000020953ca5a90 code [0x0000020953ca5c40, 0x0000020953ca5ee8]
Event: 41.812 Thread 0x0000020966765b70 6258       3       java.util.concurrent.atomic.AtomicInteger::getAndAdd (12 bytes)
Event: 41.812 Thread 0x0000020966765b70 nmethod 6258 0x0000020953ca5610 code [0x0000020953ca57a0, 0x0000020953ca58b8]
Event: 41.818 Thread 0x0000020966765b70 6260       3       org.gradle.api.internal.attributes.DefaultImmutableAttributes::keySet (8 bytes)
Event: 41.819 Thread 0x0000020966765b70 nmethod 6260 0x000002095472e690 code [0x000002095472e840, 0x000002095472ebe8]
Event: 41.822 Thread 0x0000020966765b70 6261       3       java.lang.ThreadLocal::<init> (12 bytes)
Event: 41.823 Thread 0x0000020966765b70 nmethod 6261 0x000002095472ed10 code [0x000002095472eec0, 0x000002095472f0e8]
Event: 41.824 Thread 0x0000020966765b70 6262       3       java.lang.ThreadLocal::nextHashCode (9 bytes)
Event: 41.824 Thread 0x0000020966765b70 nmethod 6262 0x000002095472f210 code [0x000002095472f3c0, 0x000002095472f508]
Event: 41.853 Thread 0x0000020968ce0080 nmethod 6244 0x000002095b282190 code [0x000002095b282340, 0x000002095b2827d8]
Event: 41.854 Thread 0x0000020968ce0080 6196       4       org.objectweb.asm.MethodWriter::visitVarInsn (302 bytes)
Event: 41.882 Thread 0x0000020966765b70 6263       3       org.objectweb.asm.ClassReader::readCode (5109 bytes)
Event: 41.885 Thread 0x0000020968ce0080 nmethod 6196 0x000002095b281690 code [0x000002095b281840, 0x000002095b281d68]
Event: 41.885 Thread 0x0000020968ce0080 6202       4       org.objectweb.asm.ByteVector::put122 (93 bytes)
Event: 41.898 Thread 0x0000020968ce0080 nmethod 6202 0x000002095b281190 code [0x000002095b281320, 0x000002095b281508]
Event: 41.898 Thread 0x0000020968ce0080 6265       4       org.objectweb.asm.MethodWriter::visitLabel (328 bytes)

GC Heap History (14 events):
Event: 3.419 GC heap before
{Heap before GC invocations=0 (full 0):
 garbage-first heap   total 262144K, used 26624K [0x00000000e0000000, 0x0000000100000000)
  region size 1024K, 23 young (23552K), 0 survivors (0K)
 Metaspace       used 2978K, committed 3136K, reserved 221184K
  class space    used 381K, committed 448K, reserved 212992K
}
Event: 3.444 GC heap after
{Heap after GC invocations=1 (full 0):
 garbage-first heap   total 262144K, used 9841K [0x00000000e0000000, 0x0000000100000000)
  region size 1024K, 3 young (3072K), 3 survivors (3072K)
 Metaspace       used 2978K, committed 3136K, reserved 221184K
  class space    used 381K, committed 448K, reserved 212992K
}
Event: 4.458 GC heap before
{Heap before GC invocations=1 (full 0):
 garbage-first heap   total 262144K, used 37489K [0x00000000e0000000, 0x0000000100000000)
  region size 1024K, 30 young (30720K), 3 survivors (3072K)
 Metaspace       used 3881K, committed 4032K, reserved 221184K
  class space    used 476K, committed 576K, reserved 212992K
}
Event: 4.473 GC heap after
{Heap after GC invocations=2 (full 0):
 garbage-first heap   total 262144K, used 11697K [0x00000000e0000000, 0x0000000100000000)
  region size 1024K, 2 young (2048K), 2 survivors (2048K)
 Metaspace       used 3881K, committed 4032K, reserved 221184K
  class space    used 476K, committed 576K, reserved 212992K
}
Event: 13.577 GC heap before
{Heap before GC invocations=2 (full 0):
 garbage-first heap   total 262144K, used 135601K [0x00000000e0000000, 0x0000000100000000)
  region size 1024K, 111 young (113664K), 2 survivors (2048K)
 Metaspace       used 21135K, committed 21504K, reserved 237568K
  class space    used 3164K, committed 3328K, reserved 212992K
}
Event: 13.636 GC heap after
{Heap after GC invocations=3 (full 0):
 garbage-first heap   total 262144K, used 38807K [0x00000000e0000000, 0x0000000100000000)
  region size 1024K, 15 young (15360K), 15 survivors (15360K)
 Metaspace       used 21135K, committed 21504K, reserved 237568K
  class space    used 3164K, committed 3328K, reserved 212992K
}
Event: 21.627 GC heap before
{Heap before GC invocations=4 (full 0):
 garbage-first heap   total 262144K, used 158615K [0x00000000e0000000, 0x0000000100000000)
  region size 1024K, 123 young (125952K), 15 survivors (15360K)
 Metaspace       used 35563K, committed 35968K, reserved 245760K
  class space    used 4993K, committed 5184K, reserved 212992K
}
Event: 21.739 GC heap after
{Heap after GC invocations=5 (full 0):
 garbage-first heap   total 262144K, used 56966K [0x00000000e0000000, 0x0000000100000000)
  region size 1024K, 12 young (12288K), 12 survivors (12288K)
 Metaspace       used 35563K, committed 35968K, reserved 245760K
  class space    used 4993K, committed 5184K, reserved 212992K
}
Event: 21.836 GC heap before
{Heap before GC invocations=5 (full 0):
 garbage-first heap   total 262144K, used 57990K [0x00000000e0000000, 0x0000000100000000)
  region size 1024K, 13 young (13312K), 12 survivors (12288K)
 Metaspace       used 35597K, committed 36032K, reserved 245760K
  class space    used 4999K, committed 5184K, reserved 212992K
}
Event: 21.893 GC heap after
{Heap after GC invocations=6 (full 0):
 garbage-first heap   total 262144K, used 56931K [0x00000000e0000000, 0x0000000100000000)
  region size 1024K, 2 young (2048K), 2 survivors (2048K)
 Metaspace       used 35597K, committed 36032K, reserved 245760K
  class space    used 4999K, committed 5184K, reserved 212992K
}
Event: 22.438 GC heap before
{Heap before GC invocations=6 (full 0):
 garbage-first heap   total 262144K, used 60003K [0x00000000e0000000, 0x0000000100000000)
  region size 1024K, 6 young (6144K), 2 survivors (2048K)
 Metaspace       used 35840K, committed 36288K, reserved 245760K
  class space    used 5027K, committed 5248K, reserved 212992K
}
Event: 22.443 GC heap after
{Heap after GC invocations=7 (full 0):
 garbage-first heap   total 262144K, used 56378K [0x00000000e0000000, 0x0000000100000000)
  region size 1024K, 1 young (1024K), 1 survivors (1024K)
 Metaspace       used 35840K, committed 36288K, reserved 245760K
  class space    used 5027K, committed 5248K, reserved 212992K
}
Event: 38.885 GC heap before
{Heap before GC invocations=8 (full 0):
 garbage-first heap   total 262144K, used 189498K [0x00000000e0000000, 0x0000000100000000)
  region size 1024K, 127 young (130048K), 1 survivors (1024K)
 Metaspace       used 51114K, committed 51776K, reserved 262144K
  class space    used 6994K, committed 7360K, reserved 212992K
}
Event: 38.936 GC heap after
{Heap after GC invocations=9 (full 0):
 garbage-first heap   total 262144K, used 71512K [0x00000000e0000000, 0x0000000100000000)
  region size 1024K, 12 young (12288K), 12 survivors (12288K)
 Metaspace       used 51114K, committed 51776K, reserved 262144K
  class space    used 6994K, committed 7360K, reserved 212992K
}

Deoptimization events (20 events):
Event: 39.980 Thread 0x0000020968cf9e70 DEOPT PACKING pc=0x000002095b3dff1c sp=0x00000094075efae0
Event: 39.980 Thread 0x0000020968cf9e70 DEOPT UNPACKING pc=0x00000209537423a3 sp=0x00000094075efa78 mode 2
Event: 40.088 Thread 0x0000020968cf9e70 Uncommon trap: trap_request=0xffffff45 fr.pc=0x000002095b482c58 relative=0x00000000000024b8
Event: 40.088 Thread 0x0000020968cf9e70 Uncommon trap: reason=unstable_if action=reinterpret pc=0x000002095b482c58 method=java.lang.ClassLoader.defineClassSourceLocation(Ljava/security/ProtectionDomain;)Ljava/lang/String; @ 15 c2
Event: 40.088 Thread 0x0000020968cf9e70 DEOPT PACKING pc=0x000002095b482c58 sp=0x00000094075ef4d0
Event: 40.088 Thread 0x0000020968cf9e70 DEOPT UNPACKING pc=0x00000209537423a3 sp=0x00000094075ef448 mode 2
Event: 40.555 Thread 0x0000020968cf9e70 DEOPT PACKING pc=0x00000209540c5f23 sp=0x00000094075f2410
Event: 40.555 Thread 0x0000020968cf9e70 DEOPT UNPACKING pc=0x0000020953742b43 sp=0x00000094075f1880 mode 0
Event: 41.045 Thread 0x0000020968cf9e70 Uncommon trap: trap_request=0xffffffde fr.pc=0x000002095b499420 relative=0x0000000000000300
Event: 41.045 Thread 0x0000020968cf9e70 Uncommon trap: reason=class_check action=maybe_recompile pc=0x000002095b499420 method=java.util.regex.Matcher.search(I)Z @ 121 c2
Event: 41.045 Thread 0x0000020968cf9e70 DEOPT PACKING pc=0x000002095b499420 sp=0x00000094075f36c0
Event: 41.045 Thread 0x0000020968cf9e70 DEOPT UNPACKING pc=0x00000209537423a3 sp=0x00000094075f35e8 mode 2
Event: 41.046 Thread 0x0000020968cf9e70 Uncommon trap: trap_request=0xffffffde fr.pc=0x000002095b499420 relative=0x0000000000000300
Event: 41.046 Thread 0x0000020968cf9e70 Uncommon trap: reason=class_check action=maybe_recompile pc=0x000002095b499420 method=java.util.regex.Matcher.search(I)Z @ 121 c2
Event: 41.046 Thread 0x0000020968cf9e70 DEOPT PACKING pc=0x000002095b499420 sp=0x00000094075f36c0
Event: 41.046 Thread 0x0000020968cf9e70 DEOPT UNPACKING pc=0x00000209537423a3 sp=0x00000094075f35e8 mode 2
Event: 41.066 Thread 0x0000020968cf9e70 Uncommon trap: trap_request=0xffffffde fr.pc=0x000002095b4951fc relative=0x00000000000002dc
Event: 41.066 Thread 0x0000020968cf9e70 Uncommon trap: reason=class_check action=maybe_recompile pc=0x000002095b4951fc method=java.util.regex.Matcher.search(I)Z @ 121 c2
Event: 41.066 Thread 0x0000020968cf9e70 DEOPT PACKING pc=0x000002095b4951fc sp=0x00000094075f35f0
Event: 41.066 Thread 0x0000020968cf9e70 DEOPT UNPACKING pc=0x00000209537423a3 sp=0x00000094075f3590 mode 2

Classes unloaded (0 events):
No events

Classes redefined (0 events):
No events

Internal exceptions (20 events):
Event: 36.705 Thread 0x0000020968cf9e70 Exception <a 'java/lang/NoSuchMethodError'{0x00000000e99c9110}: 'java.lang.Object java.lang.invoke.DirectMethodHandle$Holder.invokeStatic(java.lang.Object, java.lang.Object, java.lang.Object, java.lang.Object, java.lang.Object, java.lang.Object, java.lang.Object, java.lang.Object, java.lang.Object, java.lang.Object, java.lang.Object, java.lang.Object, java.lang.Object, java.lang.Object, java.lang.Object, java.lang.Object, java.lang.Object, java.lang.Object, java.lang.Object, java.lang.Object, java.lang.Obj
Event: 38.077 Thread 0x0000020968cf9e70 Exception <a 'java/lang/ClassNotFoundException'{0x00000000e90664a0}: build_3bmxt988abvcd292c1tbipbepBeanInfo> (0x00000000e90664a0) 
thrown [e:\jenkins\tmp\workspace\build\src\src\hotspot\share\classfile\systemDictionary.cpp, line 256]
Event: 38.080 Thread 0x0000020968cf9e70 Exception <a 'java/lang/ClassNotFoundException'{0x00000000e9070f70}: org/gradle/api/internal/project/ProjectScriptBeanInfo> (0x00000000e9070f70) 
thrown [e:\jenkins\tmp\workspace\build\src\src\hotspot\share\classfile\systemDictionary.cpp, line 256]
Event: 38.084 Thread 0x0000020968cf9e70 Exception <a 'java/lang/ClassNotFoundException'{0x00000000e907b540}: org/gradle/api/internal/project/ProjectScriptCustomizer> (0x00000000e907b540) 
thrown [e:\jenkins\tmp\workspace\build\src\src\hotspot\share\classfile\systemDictionary.cpp, line 256]
Event: 38.090 Thread 0x0000020968cf9e70 Exception <a 'java/lang/ClassNotFoundException'{0x00000000e90932e8}: build_3bmxt988abvcd292c1tbipbepCustomizer> (0x00000000e90932e8) 
thrown [e:\jenkins\tmp\workspace\build\src\src\hotspot\share\classfile\systemDictionary.cpp, line 256]
Event: 38.197 Thread 0x0000020968cf9e70 Exception <a 'java/lang/ClassNotFoundException'{0x00000000e8f7a770}: org/hyperskill/plugin/HyperskillVersionExtension_DecoratedBeanInfo> (0x00000000e8f7a770) 
thrown [e:\jenkins\tmp\workspace\build\src\src\hotspot\share\classfile\systemDictionary.cpp, line 256]
Event: 38.200 Thread 0x0000020968cf9e70 Exception <a 'java/lang/ClassNotFoundException'{0x00000000e8f85990}: org/hyperskill/plugin/HyperskillVersionExtensionBeanInfo> (0x00000000e8f85990) 
thrown [e:\jenkins\tmp\workspace\build\src\src\hotspot\share\classfile\systemDictionary.cpp, line 256]
Event: 38.201 Thread 0x0000020968cf9e70 Exception <a 'java/lang/ClassNotFoundException'{0x00000000e8f91060}: org/hyperskill/plugin/HyperskillVersionExtensionCustomizer> (0x00000000e8f91060) 
thrown [e:\jenkins\tmp\workspace\build\src\src\hotspot\share\classfile\systemDictionary.cpp, line 256]
Event: 38.203 Thread 0x0000020968cf9e70 Exception <a 'java/lang/ClassNotFoundException'{0x00000000e8f9d778}: org/hyperskill/plugin/HyperskillVersionExtension_DecoratedCustomizer> (0x00000000e8f9d778) 
thrown [e:\jenkins\tmp\workspace\build\src\src\hotspot\share\classfile\systemDictionary.cpp, line 256]
Event: 38.223 Thread 0x0000020968cf9e70 Exception <a 'java/lang/ClassNotFoundException'{0x00000000e8fc00d8}: org/hyperskill/plugin/versions/KotlinBeanInfo> (0x00000000e8fc00d8) 
thrown [e:\jenkins\tmp\workspace\build\src\src\hotspot\share\classfile\systemDictionary.cpp, line 256]
Event: 38.225 Thread 0x0000020968cf9e70 Exception <a 'java/lang/ClassNotFoundException'{0x00000000e8fc9fc8}: org/hyperskill/plugin/versions/KotlinCustomizer> (0x00000000e8fc9fc8) 
thrown [e:\jenkins\tmp\workspace\build\src\src\hotspot\share\classfile\systemDictionary.cpp, line 256]
Event: 39.025 Thread 0x0000020968cf9e70 Exception <a 'java/lang/ClassNotFoundException'{0x00000000efe649e8}: build_3bmxt988abvcd292c1tbipbepBeanInfo> (0x00000000efe649e8) 
thrown [e:\jenkins\tmp\workspace\build\src\src\hotspot\share\classfile\systemDictionary.cpp, line 256]
Event: 39.026 Thread 0x0000020968cf9e70 Exception <a 'java/lang/ClassNotFoundException'{0x00000000efe6b1c0}: build_3bmxt988abvcd292c1tbipbepCustomizer> (0x00000000efe6b1c0) 
thrown [e:\jenkins\tmp\workspace\build\src\src\hotspot\share\classfile\systemDictionary.cpp, line 256]
Event: 39.502 Thread 0x0000020968cf9e70 Exception <a 'java/lang/NoSuchMethodError'{0x00000000ef8c43f8}: 'java.lang.Object java.lang.invoke.DirectMethodHandle$Holder.newInvokeSpecial(java.lang.Object, java.lang.Object, java.lang.Object, java.lang.Object, int)'> (0x00000000ef8c43f8) 
thrown [e:\jenkins\tmp\workspace\build\src\src\hotspot\share\interpreter\linkResolver.cpp, line 766]
Event: 39.505 Thread 0x0000020968cf9e70 Exception <a 'java/lang/NoSuchMethodError'{0x00000000ef8ca588}: 'java.lang.Object java.lang.invoke.DirectMethodHandle$Holder.invokeSpecial(java.lang.Object, java.lang.Object, java.lang.Object, java.lang.Object, java.lang.Object, int)'> (0x00000000ef8ca588) 
thrown [e:\jenkins\tmp\workspace\build\src\src\hotspot\share\interpreter\linkResolver.cpp, line 766]
Event: 39.507 Thread 0x0000020968cf9e70 Exception <a 'java/lang/NoSuchMethodError'{0x00000000ef8cfda8}: 'java.lang.Object java.lang.invoke.Invokers$Holder.linkToTargetMethod(java.lang.Object, java.lang.Object, java.lang.Object, int, java.lang.Object)'> (0x00000000ef8cfda8) 
thrown [e:\jenkins\tmp\workspace\build\src\src\hotspot\share\interpreter\linkResolver.cpp, line 766]
Event: 39.524 Thread 0x0000020968cf9e70 Exception <a 'java/lang/NoSuchMethodError'{0x00000000ef8f2768}: 'java.lang.Object java.lang.invoke.DirectMethodHandle$Holder.newInvokeSpecial(java.lang.Object, java.lang.Object, int, int)'> (0x00000000ef8f2768) 
thrown [e:\jenkins\tmp\workspace\build\src\src\hotspot\share\interpreter\linkResolver.cpp, line 766]
Event: 39.753 Thread 0x0000020968cf9e70 Exception <a 'java/lang/IncompatibleClassChangeError'{0x00000000ef6c3828}: Found class java.lang.Object, but interface was expected> (0x00000000ef6c3828) 
thrown [e:\jenkins\tmp\workspace\build\src\src\hotspot\share\interpreter\linkResolver.cpp, line 833]
Event: 40.088 Thread 0x0000020968cf9e70 Implicit null exception at 0x000002095b480d00 to 0x000002095b482c28
Event: 41.097 Thread 0x0000020968cf9e70 Exception <a 'java/lang/NoSuchMethodError'{0x00000000eedf6248}: 'java.lang.Object java.lang.invoke.DirectMethodHandle$Holder.invokeSpecial(java.lang.Object, java.lang.Object, int, java.lang.Object, java.lang.Object, java.lang.Object)'> (0x00000000eedf6248) 
thrown [e:\jenkins\tmp\workspace\build\src\src\hotspot\share\interpreter\linkResolver.cpp, line 766]

VM Operations (20 events):
Event: 36.809 Executing VM operation: ICBufferFull
Event: 36.810 Executing VM operation: ICBufferFull done
Event: 36.849 Executing VM operation: ICBufferFull
Event: 36.849 Executing VM operation: ICBufferFull done
Event: 37.009 Executing VM operation: ICBufferFull
Event: 37.010 Executing VM operation: ICBufferFull done
Event: 37.130 Executing VM operation: ICBufferFull
Event: 37.130 Executing VM operation: ICBufferFull done
Event: 37.215 Executing VM operation: ICBufferFull
Event: 37.215 Executing VM operation: ICBufferFull done
Event: 37.231 Executing VM operation: HandshakeAllThreads
Event: 37.231 Executing VM operation: HandshakeAllThreads done
Event: 38.044 Executing VM operation: ICBufferFull
Event: 38.045 Executing VM operation: ICBufferFull done
Event: 38.884 Executing VM operation: G1CollectForAllocation
Event: 38.936 Executing VM operation: G1CollectForAllocation done
Event: 39.947 Executing VM operation: Cleanup
Event: 39.964 Executing VM operation: Cleanup done
Event: 40.969 Executing VM operation: Cleanup
Event: 40.970 Executing VM operation: Cleanup done

Events (20 events):
Event: 40.074 loading class javax/management/NotificationListener
Event: 40.074 loading class javax/management/NotificationListener done
Event: 40.074 loading class javax/management/NotificationFilter
Event: 40.075 loading class javax/management/NotificationFilter done
Event: 40.075 loading class javax/management/ListenerNotFoundException
Event: 40.075 loading class javax/management/ListenerNotFoundException done
Event: 40.075 loading class jdk/jfr/Recording
Event: 40.076 loading class jdk/jfr/Recording done
Event: 40.077 loading class jdk/jfr/FlightRecorder
Event: 40.078 loading class jdk/jfr/FlightRecorder done
Event: 40.078 loading class jdk/management/jfr/FlightRecorderMXBeanImpl$MXBeanListener
Event: 40.078 loading class jdk/jfr/FlightRecorderListener
Event: 40.078 loading class jdk/jfr/FlightRecorderListener done
Event: 40.078 loading class jdk/management/jfr/FlightRecorderMXBeanImpl$MXBeanListener done
Event: 40.082 loading class sun/reflect/misc/MethodUtil
Event: 40.086 loading class sun/reflect/misc/MethodUtil done
Event: 40.087 loading class sun/reflect/misc/MethodUtil$1
Event: 40.087 loading class sun/reflect/misc/MethodUtil$1 done
Event: 40.104 Thread 0x0000020968ff7e90 Thread added: 0x0000020968ff7e90
Event: 40.287 Thread 0x00000209672a4ef0 Thread exited: 0x00000209672a4ef0


Dynamic libraries:
0x00007ff677840000 - 0x00007ff67784e000 	C:\Users\User\.gradle\jdks\jdk-17.0.1+12\bin\java.exe
0x00007ffcf3cb0000 - 0x00007ffcf3ec4000 	C:\WINDOWS\SYSTEM32\ntdll.dll
0x00007ffcf2de0000 - 0x00007ffcf2ea3000 	C:\WINDOWS\System32\KERNEL32.DLL
0x00007ffcf14f0000 - 0x00007ffcf188d000 	C:\WINDOWS\System32\KERNELBASE.dll
0x00007ffcee290000 - 0x00007ffcee327000 	C:\WINDOWS\SYSTEM32\apphelp.dll
0x00007ffcf1150000 - 0x00007ffcf1261000 	C:\WINDOWS\System32\ucrtbase.dll
0x00007ffcea270000 - 0x00007ffcea289000 	C:\Users\User\.gradle\jdks\jdk-17.0.1+12\bin\VCRUNTIME140.dll
0x00007ffcea290000 - 0x00007ffcea2a8000 	C:\Users\User\.gradle\jdks\jdk-17.0.1+12\bin\jli.dll
0x00007ffcf33c0000 - 0x00007ffcf356d000 	C:\WINDOWS\System32\USER32.dll
0x00007ffcdb630000 - 0x00007ffcdb8be000 	C:\WINDOWS\WinSxS\amd64_microsoft.windows.common-controls_6595b64144ccf1df_6.0.22621.608_none_a9444ca7c10bb01d\COMCTL32.dll
0x00007ffcf1a70000 - 0x00007ffcf1a96000 	C:\WINDOWS\System32\win32u.dll
0x00007ffcf2eb0000 - 0x00007ffcf2f57000 	C:\WINDOWS\System32\msvcrt.dll
0x00007ffcf3290000 - 0x00007ffcf32b9000 	C:\WINDOWS\System32\GDI32.dll
0x00007ffcf1270000 - 0x00007ffcf1382000 	C:\WINDOWS\System32\gdi32full.dll
0x00007ffcf1450000 - 0x00007ffcf14ea000 	C:\WINDOWS\System32\msvcp_win.dll
0x00007ffcf31a0000 - 0x00007ffcf31d2000 	C:\WINDOWS\System32\IMM32.DLL
0x00007ffcee180000 - 0x00007ffcee18c000 	C:\Users\User\.gradle\jdks\jdk-17.0.1+12\bin\vcruntime140_1.dll
0x00007ffcdad00000 - 0x00007ffcdad91000 	C:\Users\User\.gradle\jdks\jdk-17.0.1+12\bin\msvcp140.dll
0x00007ffc823e0000 - 0x00007ffc83026000 	C:\Users\User\.gradle\jdks\jdk-17.0.1+12\bin\server\jvm.dll
0x00007ffcf2b20000 - 0x00007ffcf2bce000 	C:\WINDOWS\System32\ADVAPI32.dll
0x00007ffcf31e0000 - 0x00007ffcf3284000 	C:\WINDOWS\System32\sechost.dll
0x00007ffcf1d00000 - 0x00007ffcf1e15000 	C:\WINDOWS\System32\RPCRT4.dll
0x00007ffcf2610000 - 0x00007ffcf2618000 	C:\WINDOWS\System32\PSAPI.DLL
0x00007ffcebe40000 - 0x00007ffcebe49000 	C:\WINDOWS\SYSTEM32\WSOCK32.dll
0x00007ffceb150000 - 0x00007ffceb184000 	C:\WINDOWS\SYSTEM32\WINMM.dll
0x00007ffcf3110000 - 0x00007ffcf3181000 	C:\WINDOWS\System32\WS2_32.dll
0x00007ffce9230000 - 0x00007ffce923a000 	C:\WINDOWS\SYSTEM32\VERSION.dll
0x00007ffcf0120000 - 0x00007ffcf0138000 	C:\WINDOWS\SYSTEM32\kernel.appcore.dll
0x00007ffcec3f0000 - 0x00007ffcec3fa000 	C:\Users\User\.gradle\jdks\jdk-17.0.1+12\bin\jimage.dll
0x00007ffce25c0000 - 0x00007ffce27ee000 	C:\WINDOWS\SYSTEM32\DBGHELP.DLL
0x00007ffcf2620000 - 0x00007ffcf29aa000 	C:\WINDOWS\System32\combase.dll
0x00007ffcf3570000 - 0x00007ffcf3647000 	C:\WINDOWS\System32\OLEAUT32.dll
0x00007ffce7b20000 - 0x00007ffce7b52000 	C:\WINDOWS\SYSTEM32\dbgcore.DLL
0x00007ffcf10d0000 - 0x00007ffcf114b000 	C:\WINDOWS\System32\bcryptPrimitives.dll
0x00007ffcea240000 - 0x00007ffcea265000 	C:\Users\User\.gradle\jdks\jdk-17.0.1+12\bin\java.dll
0x00007ffcd7ad0000 - 0x00007ffcd7ba6000 	C:\Users\User\.gradle\jdks\jdk-17.0.1+12\bin\svml.dll
0x00007ffcf1e20000 - 0x00007ffcf260f000 	C:\WINDOWS\System32\SHELL32.dll
0x00007ffcef6c0000 - 0x00007ffceff88000 	C:\WINDOWS\SYSTEM32\windows.storage.dll
0x00007ffcef580000 - 0x00007ffcef6be000 	C:\WINDOWS\SYSTEM32\wintypes.dll
0x00007ffcf1b00000 - 0x00007ffcf1bf1000 	C:\WINDOWS\System32\SHCORE.dll
0x00007ffcf1aa0000 - 0x00007ffcf1afe000 	C:\WINDOWS\System32\shlwapi.dll
0x00007ffcf1000000 - 0x00007ffcf1021000 	C:\WINDOWS\SYSTEM32\profapi.dll
0x00007ffcea200000 - 0x00007ffcea219000 	C:\Users\User\.gradle\jdks\jdk-17.0.1+12\bin\net.dll
0x00007ffcea8d0000 - 0x00007ffcea9ff000 	C:\WINDOWS\SYSTEM32\WINHTTP.dll
0x00007ffcf0590000 - 0x00007ffcf05f9000 	C:\WINDOWS\system32\mswsock.dll
0x00007ffce9e60000 - 0x00007ffce9e75000 	C:\Users\User\.gradle\jdks\jdk-17.0.1+12\bin\nio.dll
0x00007ffcea220000 - 0x00007ffcea238000 	C:\Users\User\.gradle\jdks\jdk-17.0.1+12\bin\zip.dll
0x00007ffcea410000 - 0x00007ffcea420000 	C:\Users\User\.gradle\jdks\jdk-17.0.1+12\bin\verify.dll
0x00007ffcea420000 - 0x00007ffcea447000 	C:\Users\User\.gradle\native\68d5fa5c4cc2d200863cafc0d521ce42e7d3e7ee720ec0a83991735586a16f82\windows-amd64\native-platform.dll
0x00007ffcdc030000 - 0x00007ffcdc174000 	C:\Users\User\.gradle\native\e376f236ea51e6404a007f0833ffe2c6e607c4080706a723a18a27aeea778392\windows-amd64\native-platform-file-events.dll
0x00007ffcea1f0000 - 0x00007ffcea1f9000 	C:\Users\User\.gradle\jdks\jdk-17.0.1+12\bin\management.dll
0x00007ffce9e50000 - 0x00007ffce9e5b000 	C:\Users\User\.gradle\jdks\jdk-17.0.1+12\bin\management_ext.dll
0x00007ffcf07e0000 - 0x00007ffcf07fb000 	C:\WINDOWS\SYSTEM32\CRYPTSP.dll
0x00000000748a0000 - 0x00000000748b7000 	C:\Program Files\Common Files\Crypto Pro\AppCompat\cpadvai.dll
0x00000000748c0000 - 0x00000000748c6000 	C:\Program Files\Common Files\Crypto Pro\AppCompat\detoured.dll
0x00007ffcf0090000 - 0x00007ffcf00c5000 	C:\WINDOWS\system32\rsaenh.dll
0x00007ffcf0680000 - 0x00007ffcf06a8000 	C:\WINDOWS\SYSTEM32\USERENV.dll
0x00007ffcf0a70000 - 0x00007ffcf0a98000 	C:\WINDOWS\SYSTEM32\bcrypt.dll
0x00007ffcf0800000 - 0x00007ffcf080c000 	C:\WINDOWS\SYSTEM32\CRYPTBASE.dll
0x00007ffcef200000 - 0x00007ffcef22d000 	C:\WINDOWS\SYSTEM32\IPHLPAPI.DLL
0x00007ffcf3190000 - 0x00007ffcf3199000 	C:\WINDOWS\System32\NSI.dll
0x00007ffcea4c0000 - 0x00007ffcea4d9000 	C:\WINDOWS\SYSTEM32\dhcpcsvc6.DLL
0x00007ffcea4a0000 - 0x00007ffcea4bf000 	C:\WINDOWS\SYSTEM32\dhcpcsvc.DLL
0x00007ffcef270000 - 0x00007ffcef362000 	C:\WINDOWS\SYSTEM32\DNSAPI.dll
0x00007ffce9e40000 - 0x00007ffce9e4e000 	C:\Users\User\.gradle\jdks\jdk-17.0.1+12\bin\sunmscapi.dll
0x00007ffcf1890000 - 0x00007ffcf19f6000 	C:\WINDOWS\System32\CRYPT32.dll
0x00007ffcf0950000 - 0x00007ffcf097d000 	C:\WINDOWS\SYSTEM32\ncrypt.dll
0x00000000748d0000 - 0x00000000748f1000 	C:\Program Files\Common Files\Crypto Pro\AppCompat\cpcrypt.dll
0x00007ffcf0910000 - 0x00007ffcf0947000 	C:\WINDOWS\SYSTEM32\NTASN1.dll
0x00007ffce9e30000 - 0x00007ffce9e38000 	C:\WINDOWS\system32\wshunix.dll
0x00007ffcde080000 - 0x00007ffcde08a000 	C:\Windows\System32\rasadhlp.dll
0x00007ffce8da0000 - 0x00007ffce8e23000 	C:\WINDOWS\System32\fwpuclnt.dll

dbghelp: loaded successfully - version: 4.0.5 - missing functions: none
symbol engine: initialized successfully - sym options: 0x614 - pdb path: .;C:\Users\User\.gradle\jdks\jdk-17.0.1+12\bin;C:\WINDOWS\SYSTEM32;C:\WINDOWS\WinSxS\amd64_microsoft.windows.common-controls_6595b64144ccf1df_6.0.22621.608_none_a9444ca7c10bb01d;C:\Users\User\.gradle\jdks\jdk-17.0.1+12\bin\server;C:\Users\User\.gradle\native\68d5fa5c4cc2d200863cafc0d521ce42e7d3e7ee720ec0a83991735586a16f82\windows-amd64;C:\Users\User\.gradle\native\e376f236ea51e6404a007f0833ffe2c6e607c4080706a723a18a27aeea778392\windows-amd64;C:\Program Files\Common Files\Crypto Pro\AppCompat

VM Arguments:
jvm_args: --add-opens=java.base/java.util.concurrent.atomic=ALL-UNNAMED -XX:MaxMetaspaceSize=256m -XX:+HeapDumpOnOutOfMemoryError --add-opens=java.base/java.util=ALL-UNNAMED --add-opens=java.base/java.lang=ALL-UNNAMED --add-opens=java.base/java.lang.invoke=ALL-UNNAMED --add-opens=java.prefs/java.util.prefs=ALL-UNNAMED --add-opens=java.base/java.nio.charset=ALL-UNNAMED --add-opens=java.base/java.net=ALL-UNNAMED --add-opens=java.base/java.util.concurrent.atomic=ALL-UNNAMED -Xms256m -Xmx512m -Dfile.encoding=windows-1251 -Duser.country=RU -Duser.language=ru -Duser.variant 
java_command: org.gradle.launcher.daemon.bootstrap.GradleDaemon 7.6
java_class_path (initial): C:\Users\User\.gradle\wrapper\dists\gradle-7.6-bin\9l9tetv7ltxvx3i8an4pb86ye\gradle-7.6\lib\gradle-launcher-7.6.jar
Launcher Type: SUN_STANDARD

[Global flags]
     intx CICompilerCount                          = 4                                         {product} {ergonomic}
   size_t CompressedClassSpaceSize                 = 218103808                                 {product} {ergonomic}
     uint ConcGCThreads                            = 2                                         {product} {ergonomic}
     uint G1ConcRefinementThreads                  = 8                                         {product} {ergonomic}
   size_t G1HeapRegionSize                         = 1048576                                   {product} {ergonomic}
    uintx GCDrainStackTargetSize                   = 64                                        {product} {ergonomic}
     bool HeapDumpOnOutOfMemoryError               = true                                   {manageable} {command line}
   size_t InitialHeapSize                          = 268435456                                 {product} {command line}
   size_t MarkStackSize                            = 4194304                                   {product} {ergonomic}
   size_t MaxHeapSize                              = 536870912                                 {product} {command line}
   size_t MaxMetaspaceSize                         = 268435456                                 {product} {command line}
   size_t MaxNewSize                               = 321912832                                 {product} {ergonomic}
   size_t MinHeapDeltaBytes                        = 1048576                                   {product} {ergonomic}
   size_t MinHeapSize                              = 268435456                                 {product} {command line}
    uintx NonNMethodCodeHeapSize                   = 5839372                                {pd product} {ergonomic}
    uintx NonProfiledCodeHeapSize                  = 122909434                              {pd product} {ergonomic}
    uintx ProfiledCodeHeapSize                     = 122909434                              {pd product} {ergonomic}
    uintx ReservedCodeCacheSize                    = 251658240                              {pd product} {ergonomic}
     bool SegmentedCodeCache                       = true                                      {product} {ergonomic}
   size_t SoftMaxHeapSize                          = 536870912                              {manageable} {ergonomic}
     bool UseCompressedClassPointers               = true                           {product lp64_product} {ergonomic}
     bool UseCompressedOops                        = true                           {product lp64_product} {ergonomic}
     bool UseG1GC                                  = true                                      {product} {ergonomic}
     bool UseLargePagesIndividualAllocation        = false                                  {pd product} {ergonomic}

Logging:
Log output configuration:
 #0: stdout all=warning uptime,level,tags
 #1: stderr all=off uptime,level,tags

Environment Variables:
PATH=C:\Program Files\Common Files\Oracle\Java\javapath;C:\Python39\Scripts\;C:\Python39\;C:\WINDOWS\system32;C:\WINDOWS;C:\WINDOWS\System32\Wbem;C:\WINDOWS\System32\WindowsPowerShell\v1.0\;C:\WINDOWS\System32\OpenSSH\;C:\Program Files (x86)\NoteBook FanControl\;C:\Program Files\nodejs\;C:\ProgramData\chocolatey\bin;C:\Program Files (x86)\NVIDIA Corporation\PhysX\Common;C:\Program Files\NVIDIA Corporation\NVIDIA NvDLISR;C:\WINDOWS\system32;C:\WINDOWS;C:\WINDOWS\System32\Wbem;C:\WINDOWS\System32\WindowsPowerShell\v1.0\;C:\WINDOWS\System32\OpenSSH\;C:\Program Files\Git\cmd;C:\Gradle\gradle-8.1.1\bin;C:\Users\User\AppData\Local\Microsoft\WindowsApps;C:\Users\User\AppData\Local\GitHubDesktop\bin
USERNAME=User
OS=Windows_NT
PROCESSOR_IDENTIFIER=Intel64 Family 6 Model 142 Stepping 10, GenuineIntel



---------------  S Y S T E M  ---------------

OS:
 Windows 10 , 64 bit Build 22621 (10.0.22621.1105)
OS uptime: 0 days 1:30 hours

CPU: total 8 (initial active 8) (4 cores per cpu, 2 threads per core) family 6 model 142 stepping 10 microcode 0xe0, cx8, cmov, fxsr, ht, mmx, 3dnowpref, sse, sse2, sse3, ssse3, sse4.1, sse4.2, popcnt, lzcnt, tsc, tscinvbit, avx, avx2, aes, erms, clmul, bmi1, bmi2, adx, fma, vzeroupper, clflush, clflushopt

Memory: 4k page, system-wide physical 8101M (903M free)
TotalPageFile size 10117M (AvailPageFile size 0M)
current process WorkingSet (physical memory assigned to process): 382M, peak: 383M
current process commit charge ("private bytes"): 480M, peak: 485M

vm_info: OpenJDK 64-Bit Server VM (17.0.1+12) for windows-amd64 JRE (17.0.1+12), built on Oct 20 2021 07:42:55 by "" with MS VC++ 16.7 (VS2019)

END.
